<?xml version="1.0" encoding="utf-8"?><testsuites name="pytest tests"><testsuite name="pytest" errors="0" failures="0" skipped="0" tests="49" time="7.235" timestamp="2026-09-01T18:20:26.245018+00:00" hostname="agent-env-c2e7ffa1-fee7-4e56-adb8-1ff4334b3ae6"><testcase classname="tests.test_admin_enterprise_b1.TestAnalytics" name="test_analytics_default" time="0.738" /><testcase classname="tests.test_admin_enterprise_b1.TestOrdersCenter" name="test_list_shape_and_no_objectid" time="0.841" /><testcase classname="tests.test_admin_enterprise_b1.TestAnalytics" name="test_analytics_periods[day]" time="0.153" /><testcase classname="tests.test_admin_enterprise_b1.TestOrdersCenter" name="test_pagination" time="0.154" /><testcase classname="tests.test_admin_enterprise_b1.TestAnalytics" name="test_analytics_periods[week]" time="0.107" /><testcase classname="tests.test_admin_enterprise_b1.TestOrdersCenter" name="test_status_filter[blue]" time="0.091" /><testcase classname="tests.test_admin_enterprise_b1.TestAnalytics" name="test_analytics_periods[month]" time="0.115" /><testcase classname="tests.test_admin_enterprise_b1.TestOrdersCenter" name="test_status_filter[yellow]" time="0.072" /><testcase classname="tests.test_admin_enterprise_b1.TestAnalytics" name="test_analytics_periods[year]" time="0.110" /><testcase classname="tests.test_admin_enterprise_b1.TestOrdersCenter" name="test_status_filter[green]" time="0.087" /><testcase classname="tests.test_admin_enterprise_b1.TestAnalytics" name="test_analytics_custom_range_and_currency" time="0.130" /><testcase classname="tests.test_admin_enterprise_b1.TestOrdersCenter" name="test_status_filter[cancelled]" time="0.084" /><testcase classname="tests.test_admin_enterprise_b1.TestOrdersCenter" name="test_currency_filter[SAR]" time="0.084" /><testcase classname="tests.test_admin_enterprise_b1.TestAnalytics" name="test_analytics_status_filter_consistency" time="0.213" /><testcase classname="tests.test_admin_enterprise_b1.TestOrdersCenter" name="test_currency_filter[USD]" time="0.072" /><testcase classname="tests.test_admin_enterprise_b1.TestOrdersCenter" name="test_approval_filter" time="0.079" /><testcase classname="tests.test_admin_enterprise_b1.TestAnalytics" name="test_attention_queue" time="0.084" /><testcase classname="tests.test_admin_enterprise_b1.TestOrdersCenter" name="test_source_filter[rahal]" time="0.094" /><testcase classname="tests.test_admin_enterprise_b1.TestOrdersCenter" name="test_source_filter[meraaj]" time="0.089" /><testcase classname="tests.test_admin_enterprise_b1.TestOrderDetail" name="test_full_detail" time="0.190" /><testcase classname="tests.test_admin_enterprise_b1.TestOrdersCenter" name="test_sorts[newest]" time="0.082" /><testcase classname="tests.test_admin_enterprise_b1.TestOrdersCenter" name="test_sorts[oldest]" time="0.086" /><testcase classname="tests.test_admin_enterprise_b1.TestOrderDetail" name="test_full_detail_404" time="0.080" /><testcase classname="tests.test_admin_enterprise_b1.TestOrdersCenter" name="test_sorts[amount_desc]" time="0.066" /><testcase classname="tests.test_admin_enterprise_b1.TestOrderDetail" name="test_note_is_internal_only" time="1.528" /><testcase classname="tests.test_admin_enterprise_b1.TestOrdersCenter" name="test_sorts[amount_asc]" time="0.080" /><testcase classname="tests.test_admin_enterprise_b1.TestOrdersCenter" name="test_sorts[departure_asc]" time="0.068" /><testcase classname="tests.test_admin_enterprise_b1.TestOrdersCenter" name="test_search_by_package_title" time="0.317" /><testcase classname="tests.test_admin_enterprise_b1.TestOrdersCenter" name="test_search_by_id" time="0.143" /><testcase classname="tests.test_admin_enterprise_b1.TestOrdersCenter" name="test_date_filters" time="0.090" /><testcase classname="tests.test_admin_enterprise_b1.TestOrdersCenter" name="test_attention_flag_filter" time="0.070" /><testcase classname="tests.test_admin_enterprise_b1.TestOrdersCenter" name="test_limit_cap" time="0.113" /><testcase classname="tests.test_admin_enterprise_b1.TestOrdersCenter" name="test_invalid_id_search_does_not_500" time="0.073" /><testcase classname="tests.test_admin_enterprise_b1.TestRegressionRahal" name="test_sso_exchange_no_duplicate_user" time="0.390" /><testcase classname="tests.test_admin_enterprise_b1.TestRegressionRahal" name="test_sso_bad_secret_rejected" time="0.180" /><testcase classname="tests.test_admin_enterprise_b1.TestOrderDetail" name="test_note_validation" time="0.076" /><testcase classname="tests.test_admin_enterprise_b1.TestRegressionRahal" name="test_sso_expired_rejected" time="0.167" /><testcase classname="tests.test_admin_enterprise_b1.TestOrderDetail" name="test_task_lifecycle" time="0.569" /><testcase classname="tests.test_admin_enterprise_b1.TestRegressionRahal" name="test_webhook_hmac_enforced" time="0.483" /><testcase classname="tests.test_admin_enterprise_b1.TestOrderDetail" name="test_escalation_is_oversight_only" time="0.700" /><testcase classname="tests.test_admin_enterprise_b1.TestRegressionOffice" name="test_seller_dashboard_and_packages" time="0.730" /><testcase classname="tests.test_admin_enterprise_b1.TestOrderDetail" name="test_escalate_requires_reason" time="0.119" /><testcase classname="tests.test_admin_enterprise_b1.TestRegressionOffice" name="test_wallet_dual_currency" time="0.063" /><testcase classname="tests.test_admin_enterprise_b1.TestAuthorization" name="test_anonymous_blocked" time="0.417" /><testcase classname="tests.test_admin_enterprise_b1.TestRegressionOffice" name="test_market_browsing_with_filters" time="0.180" /><testcase classname="tests.test_admin_enterprise_b1.TestRegressionOffice" name="test_bookings_list" time="0.117" /><testcase classname="tests.test_admin_enterprise_b1.TestRegressionAdminPages" name="test_existing_admin_endpoints" time="0.838" /><testcase classname="tests.test_admin_enterprise_b1.TestAuthorization" name="test_office_token_blocked" time="0.829" /><testcase classname="tests.test_admin_enterprise_b1.TestAuthorization" name="test_office_blocked_on_mutations" time="0.459" /></testsuite></testsuites>