<?xml version="1.0" encoding="utf-8"?><testsuites name="pytest tests"><testsuite name="pytest" errors="0" failures="7" skipped="0" tests="95" time="27.888" timestamp="2026-09-01T20:05:04.548235+00:00" hostname="agent-env-c2e7ffa1-fee7-4e56-adb8-1ff4334b3ae6"><testcase classname="tests.test_admin_enterprise_b1.TestAuthorization" name="test_anonymous_blocked" time="0.472" /><testcase classname="tests.test_admin_enterprise_b1.TestAuthorization" name="test_office_token_blocked" time="0.798" /><testcase classname="tests.test_admin_enterprise_b1.TestAuthorization" name="test_office_blocked_on_mutations" time="0.957" /><testcase classname="tests.test_admin_enterprise_b1.TestAnalytics" name="test_analytics_default" time="0.108" /><testcase classname="tests.test_admin_enterprise_b1.TestAnalytics" name="test_analytics_periods[day]" time="0.114" /><testcase classname="tests.test_admin_enterprise_b1.TestAnalytics" name="test_analytics_periods[week]" time="0.127" /><testcase classname="tests.test_admin_enterprise_b1.TestAnalytics" name="test_analytics_periods[month]" time="0.121" /><testcase classname="tests.test_admin_enterprise_b1.TestAnalytics" name="test_analytics_periods[year]" time="0.119" /><testcase classname="tests.test_admin_enterprise_b1.TestAnalytics" name="test_analytics_custom_range_and_currency" time="0.118" /><testcase classname="tests.test_admin_enterprise_b1.TestAnalytics" name="test_analytics_status_filter_consistency" time="0.229" /><testcase classname="tests.test_admin_enterprise_b1.TestAnalytics" name="test_attention_queue" time="0.077" /><testcase classname="tests.test_admin_enterprise_b1.TestOrdersCenter" name="test_list_shape_and_no_objectid" time="0.067" /><testcase classname="tests.test_admin_enterprise_b1.TestOrdersCenter" name="test_pagination" time="0.159" /><testcase classname="tests.test_admin_enterprise_b1.TestOrdersCenter" name="test_status_filter[blue]" time="0.100" /><testcase classname="tests.test_admin_enterprise_b1.TestOrdersCenter" name="test_status_filter[yellow]" time="0.083" /><testcase classname="tests.test_admin_enterprise_b1.TestOrdersCenter" name="test_status_filter[green]" time="0.075" /><testcase classname="tests.test_admin_enterprise_b1.TestOrdersCenter" name="test_status_filter[cancelled]" time="0.075" /><testcase classname="tests.test_admin_enterprise_b1.TestOrdersCenter" name="test_currency_filter[SAR]" time="0.081" /><testcase classname="tests.test_admin_enterprise_b1.TestOrdersCenter" name="test_currency_filter[USD]" time="0.091" /><testcase classname="tests.test_admin_enterprise_b1.TestOrdersCenter" name="test_approval_filter" time="0.078" /><testcase classname="tests.test_admin_enterprise_b1.TestOrdersCenter" name="test_source_filter[rahal]" time="0.069" /><testcase classname="tests.test_admin_enterprise_b1.TestOrdersCenter" name="test_source_filter[meraaj]" time="0.078" /><testcase classname="tests.test_admin_enterprise_b1.TestOrdersCenter" name="test_sorts[newest]" time="0.082" /><testcase classname="tests.test_admin_enterprise_b1.TestOrdersCenter" name="test_sorts[oldest]" time="0.078" /><testcase classname="tests.test_admin_enterprise_b1.TestOrdersCenter" name="test_sorts[amount_desc]" time="0.112" /><testcase classname="tests.test_admin_enterprise_b1.TestOrdersCenter" name="test_sorts[amount_asc]" time="0.064" /><testcase classname="tests.test_admin_enterprise_b1.TestOrdersCenter" name="test_sorts[departure_asc]" time="0.075" /><testcase classname="tests.test_admin_enterprise_b1.TestOrdersCenter" name="test_search_by_package_title" time="0.175" /><testcase classname="tests.test_admin_enterprise_b1.TestOrdersCenter" name="test_search_by_id" time="0.153" /><testcase classname="tests.test_admin_enterprise_b1.TestOrdersCenter" name="test_date_filters" time="0.077" /><testcase classname="tests.test_admin_enterprise_b1.TestOrdersCenter" name="test_attention_flag_filter" time="0.089" /><testcase classname="tests.test_admin_enterprise_b1.TestOrdersCenter" name="test_limit_cap" time="0.073" /><testcase classname="tests.test_admin_enterprise_b1.TestOrdersCenter" name="test_invalid_id_search_does_not_500" time="0.087" /><testcase classname="tests.test_admin_enterprise_b1.TestOrderDetail" name="test_full_detail" time="0.141" /><testcase classname="tests.test_admin_enterprise_b1.TestOrderDetail" name="test_full_detail_404" time="0.078" /><testcase classname="tests.test_admin_enterprise_b1.TestOrderDetail" name="test_note_is_internal_only" time="1.448" /><testcase classname="tests.test_admin_enterprise_b1.TestOrderDetail" name="test_note_validation" time="0.064" /><testcase classname="tests.test_admin_enterprise_b1.TestOrderDetail" name="test_task_lifecycle" time="0.515" /><testcase classname="tests.test_admin_enterprise_b1.TestOrderDetail" name="test_escalation_is_oversight_only" time="0.492" /><testcase classname="tests.test_admin_enterprise_b1.TestOrderDetail" name="test_escalate_requires_reason" time="0.058" /><testcase classname="tests.test_admin_enterprise_b1.TestRegressionRahal" name="test_sso_exchange_no_duplicate_user" time="0.322" /><testcase classname="tests.test_admin_enterprise_b1.TestRegressionRahal" name="test_sso_bad_secret_rejected" time="0.152" /><testcase classname="tests.test_admin_enterprise_b1.TestRegressionRahal" name="test_sso_expired_rejected" time="0.129" /><testcase classname="tests.test_admin_enterprise_b1.TestRegressionRahal" name="test_webhook_hmac_enforced" time="0.478" /><testcase classname="tests.test_admin_enterprise_b1.TestRegressionOffice" name="test_seller_dashboard_and_packages" time="0.252" /><testcase classname="tests.test_admin_enterprise_b1.TestRegressionOffice" name="test_wallet_dual_currency" time="0.078" /><testcase classname="tests.test_admin_enterprise_b1.TestRegressionOffice" name="test_market_browsing_with_filters" time="0.214" /><testcase classname="tests.test_admin_enterprise_b1.TestRegressionOffice" name="test_bookings_list" time="0.085" /><testcase classname="tests.test_admin_enterprise_b1.TestRegressionAdminPages" name="test_existing_admin_endpoints" time="0.642" /><testcase classname="tests.test_admin_enterprise_b2.TestAuthorizationB2" name="test_anonymous_blocked" time="1.409" /><testcase classname="tests.test_admin_enterprise_b2.TestAuthorizationB2" name="test_office_token_blocked" time="1.924" /><testcase classname="tests.test_admin_enterprise_b2.TestCommissionEngine" name="test_00_no_active_rules_precondition" time="0.515"><failure message="AssertionError: pre-existing active rules would break default test: [{'name': 'عمولة المنصة الأساسية — المكاتب', 'mode': 'percent', 'value': 0.1, 'charge_side': 'buyer', 'per_category': None, 'priority': 0, 'active': True, 'note': 'القاعدة الأساسية المعتمدة (10%) — تُطبَّق على حجوزات المكاتب بكل العملات.', 'scope': {'buyer_type': 'office', 'currency': 'any', 'package_type': 'any', 'source': 'any', 'seller_id': '', 'package_id': ''}, 'created_by': 'system', 'created_at': '2026-09-01T19:36:24.724996+00:00', 'updated_at': '2026-09-01T19:36:24.725007+00:00', 'id': '6a97293851f46aa4358d31dc'}]&#10;assert not [{'name': 'عمولة المنصة الأساسية — المكاتب', 'mode': 'percent', 'value': 0.1, 'charge_side': 'buyer', ...}]">E   AssertionError: pre-existing active rules would break default test: [{'name': 'عمولة المنصة الأساسية — المكاتب', 'mode': 'percent', 'value': 0.1, 'charge_side': 'buyer', 'per_category': None, 'priority': 0, 'active': True, 'note': 'القاعدة الأساسية المعتمدة (10%) — تُطبَّق على حجوزات المكاتب بكل العملات.', 'scope': {'buyer_type': 'office', 'currency': 'any', 'package_type': 'any', 'source': 'any', 'seller_id': '', 'package_id': ''}, 'created_by': 'system', 'created_at': '2026-09-01T19:36:24.724996+00:00', 'updated_at': '2026-09-01T19:36:24.725007+00:00', 'id': '6a97293851f46aa4358d31dc'}]
    assert not [{'name': 'عمولة المنصة الأساسية — المكاتب', 'mode': 'percent', 'value': 0.1, 'charge_side': 'buyer', ...}]</failure></testcase><testcase classname="tests.test_admin_enterprise_b2.TestCommissionEngine" name="test_01_default_commission_preserved" time="1.241"><failure message="AssertionError: assert 'rule' == 'default'&#10;  &#10;  - default&#10;  + rule">E   AssertionError: assert 'rule' == 'default'
      
      - default
      + rule</failure></testcase><testcase classname="tests.test_admin_enterprise_b2.TestCommissionEngine" name="test_02_create_rule_validation" time="0.220" /><testcase classname="tests.test_admin_enterprise_b2.TestCommissionEngine" name="test_03_create_rule_and_apply" time="1.054"><failure message="AssertionError: assert 'rule' == 'default'&#10;  &#10;  - default&#10;  + rule">E   AssertionError: assert 'rule' == 'default'
      
      - default
      + rule</failure></testcase><testcase classname="tests.test_admin_enterprise_b2.TestCommissionEngine" name="test_04_priority_higher_wins" time="0.153" /><testcase classname="tests.test_admin_enterprise_b2.TestCommissionEngine" name="test_05_preview" time="0.145" /><testcase classname="tests.test_admin_enterprise_b2.TestCommissionEngine" name="test_06_historic_immutability" time="0.146" /><testcase classname="tests.test_admin_enterprise_b2.TestCommissionEngine" name="test_07_delete_deactivates" time="0.205" /><testcase classname="tests.test_admin_enterprise_b2.TestCommissionEngine" name="test_08_events_recorded" time="0.073" /><testcase classname="tests.test_admin_enterprise_b2.TestCommissionEngine" name="test_09_default_restored_after_deactivation" time="0.165"><failure message="AssertionError: assert 'rule' == 'default'&#10;  &#10;  - default&#10;  + rule">E   AssertionError: assert 'rule' == 'default'
      
      - default
      + rule</failure></testcase><testcase classname="tests.test_admin_enterprise_b2.TestCommissionOverride" name="test_override_applies_and_moves_money" time="1.153" /><testcase classname="tests.test_admin_enterprise_b2.TestCommissionOverride" name="test_override_short_reason_rejected" time="0.068" /><testcase classname="tests.test_admin_enterprise_b2.TestCommissionOverride" name="test_override_no_diff_rejected" time="0.072" /><testcase classname="tests.test_admin_enterprise_b2.TestCommissionOverride" name="test_override_insufficient_balance_rejected" time="0.213" /><testcase classname="tests.test_admin_enterprise_b2.TestCommissionOverride" name="test_override_b2c_rejected" time="0.211" /><testcase classname="tests.test_admin_enterprise_b2.TestCommissionOverride" name="test_override_cancelled_or_settled_rejected" time="0.168" /><testcase classname="tests.test_admin_enterprise_b2.TestCreditControl" name="test_01_no_limit_rejects_and_no_negative" time="0.711" /><testcase classname="tests.test_admin_enterprise_b2.TestCreditControl" name="test_02_set_limit" time="0.072" /><testcase classname="tests.test_admin_enterprise_b2.TestCreditControl" name="test_03_booking_within_limit_succeeds" time="0.169" /><testcase classname="tests.test_admin_enterprise_b2.TestCreditControl" name="test_04_credit_list_exposure" time="0.066" /><testcase classname="tests.test_admin_enterprise_b2.TestCreditControl" name="test_05_beyond_limit_rejected" time="0.224" /><testcase classname="tests.test_admin_enterprise_b2.TestCreditControl" name="test_06_lower_limit_below_debt_rejected" time="0.065" /><testcase classname="tests.test_admin_enterprise_b2.TestCreditControl" name="test_07_freeze_blocks_booking" time="0.223" /><testcase classname="tests.test_admin_enterprise_b2.TestCreditControl" name="test_08_topup_reduces_debt" time="0.300" /><testcase classname="tests.test_admin_enterprise_b2.TestCreditControl" name="test_09_credit_events_audited" time="0.274" /><testcase classname="tests.test_admin_enterprise_b2.TestLedger" name="test_ledger_basic" time="0.071" /><testcase classname="tests.test_admin_enterprise_b2.TestLedger" name="test_pagination" time="0.166" /><testcase classname="tests.test_admin_enterprise_b2.TestLedger" name="test_filters" time="0.438" /><testcase classname="tests.test_admin_enterprise_b2.TestLedger" name="test_export_csv" time="0.146" /><testcase classname="tests.test_admin_enterprise_b2.TestLedger" name="test_voucher_kinds" time="0.311" /><testcase classname="tests.test_admin_enterprise_b2.TestLedger" name="test_reconciliation" time="0.080" /><testcase classname="tests.test_admin_enterprise_b2.TestWithdrawalStages" name="test_01_queue_shape_and_legacy_mapping" time="0.794"><failure message="AssertionError: assert 6 == 7&#10; +  where 6 = len(['requested', 'under_review', 'approved_internal', 'sent_to_accounting', 'executed', 'closed'])">E   AssertionError: assert 6 == 7
     +  where 6 = len(['requested', 'under_review', 'approved_internal', 'sent_to_accounting', 'executed', 'closed'])</failure></testcase><testcase classname="tests.test_admin_enterprise_b2.TestWithdrawalStages" name="test_02_invalid_and_guarded_stages" time="0.197"><failure message="AssertionError: {&quot;detail&quot;:&quot;مرحلة غير صالحة&quot;}&#10;assert (400 == 400 and 'إيصال' in '{&quot;detail&quot;:&quot;مرحلة غير صالحة&quot;}')&#10; +  where 400 = &lt;Response [400]&gt;.status_code&#10; +  and   '{&quot;detail&quot;:&quot;مرحلة غير صالحة&quot;}' = &lt;Response [400]&gt;.text">E   AssertionError: {"detail":"مرحلة غير صالحة"}
    assert (400 == 400 and 'إيصال' in '{"detail":"مرحلة غير صالحة"}')
     +  where 400 = &lt;Response [400]&gt;.status_code
     +  and   '{"detail":"مرحلة غير صالحة"}' = &lt;Response [400]&gt;.text</failure></testcase><testcase classname="tests.test_admin_enterprise_b2.TestWithdrawalStages" name="test_03_forward_stages_no_money_movement" time="0.432" /><testcase classname="tests.test_admin_enterprise_b2.TestWithdrawalStages" name="test_04_backwards_rejected" time="0.103" /><testcase classname="tests.test_admin_enterprise_b2.TestWithdrawalStages" name="test_05_review_debits_then_executed_allowed" time="0.614" /><testcase classname="tests.test_admin_enterprise_b2.TestWithdrawalStages" name="test_06_receipt_then_close" time="0.286"><failure message="AssertionError: receipt_uploaded: {&quot;detail&quot;:&quot;مرحلة غير صالحة&quot;}&#10;assert 400 == 200&#10; +  where 400 = &lt;Response [400]&gt;.status_code">E   AssertionError: receipt_uploaded: {"detail":"مرحلة غير صالحة"}
    assert 400 == 200
     +  where 400 = &lt;Response [400]&gt;.status_code</failure></testcase><testcase classname="tests.test_admin_enterprise_b2.TestWithdrawalStages" name="test_07_short_receipt_url_rejected" time="0.066" /><testcase classname="tests.test_admin_enterprise_b2.TestWithdrawalStages" name="test_08_unknown_ids_404" time="0.204" /><testcase classname="tests.test_admin_enterprise_b2.TestRegression" name="test_rahal_sso_no_duplicate" time="0.297" /><testcase classname="tests.test_admin_enterprise_b2.TestRegression" name="test_inbound_webhook_hmac" time="0.300" /><testcase classname="tests.test_admin_enterprise_b2.TestRegression" name="test_office_login_market_wallet" time="0.185" /><testcase classname="tests.test_admin_enterprise_b2.TestRegression" name="test_booking_lifecycle_intact" time="1.029" /><testcase classname="tests.test_admin_enterprise_b2.TestRegression" name="test_admin_pages_load" time="0.449" /></testsuite></testsuites>