<?xml version="1.0" encoding="utf-8"?><testsuites name="pytest tests"><testsuite name="pytest" errors="0" failures="0" skipped="0" tests="46" time="22.761" timestamp="2026-09-01T19:04:38.691590+00:00" hostname="agent-env-c2e7ffa1-fee7-4e56-adb8-1ff4334b3ae6"><testcase classname="tests.test_admin_enterprise_b2.TestAuthorizationB2" name="test_anonymous_blocked" time="2.298" /><testcase classname="tests.test_admin_enterprise_b2.TestAuthorizationB2" name="test_office_token_blocked" time="2.592" /><testcase classname="tests.test_admin_enterprise_b2.TestCommissionEngine" name="test_00_no_active_rules_precondition" time="1.672" /><testcase classname="tests.test_admin_enterprise_b2.TestCommissionEngine" name="test_01_default_commission_preserved" time="1.425" /><testcase classname="tests.test_admin_enterprise_b2.TestCommissionEngine" name="test_02_create_rule_validation" time="0.325" /><testcase classname="tests.test_admin_enterprise_b2.TestCommissionEngine" name="test_03_create_rule_and_apply" time="1.053" /><testcase classname="tests.test_admin_enterprise_b2.TestCommissionEngine" name="test_04_priority_higher_wins" time="0.198" /><testcase classname="tests.test_admin_enterprise_b2.TestCommissionEngine" name="test_05_preview" time="0.181" /><testcase classname="tests.test_admin_enterprise_b2.TestCommissionEngine" name="test_06_historic_immutability" time="0.212" /><testcase classname="tests.test_admin_enterprise_b2.TestCommissionEngine" name="test_07_delete_deactivates" time="0.256" /><testcase classname="tests.test_admin_enterprise_b2.TestCommissionEngine" name="test_08_events_recorded" time="0.087" /><testcase classname="tests.test_admin_enterprise_b2.TestCommissionEngine" name="test_09_default_restored_after_deactivation" time="0.091" /><testcase classname="tests.test_admin_enterprise_b2.TestCommissionOverride" name="test_override_applies_and_moves_money" time="1.394" /><testcase classname="tests.test_admin_enterprise_b2.TestCommissionOverride" name="test_override_short_reason_rejected" time="0.088" /><testcase classname="tests.test_admin_enterprise_b2.TestCommissionOverride" name="test_override_no_diff_rejected" time="0.100" /><testcase classname="tests.test_admin_enterprise_b2.TestCommissionOverride" name="test_override_insufficient_balance_rejected" time="0.297" /><testcase classname="tests.test_admin_enterprise_b2.TestCommissionOverride" name="test_override_b2c_rejected" time="0.321" /><testcase classname="tests.test_admin_enterprise_b2.TestCommissionOverride" name="test_override_cancelled_or_settled_rejected" time="0.219" /><testcase classname="tests.test_admin_enterprise_b2.TestCreditControl" name="test_01_no_limit_rejects_and_no_negative" time="0.685" /><testcase classname="tests.test_admin_enterprise_b2.TestCreditControl" name="test_02_set_limit" time="0.102" /><testcase classname="tests.test_admin_enterprise_b2.TestCreditControl" name="test_03_booking_within_limit_succeeds" time="0.136" /><testcase classname="tests.test_admin_enterprise_b2.TestCreditControl" name="test_04_credit_list_exposure" time="0.087" /><testcase classname="tests.test_admin_enterprise_b2.TestCreditControl" name="test_05_beyond_limit_rejected" time="0.206" /><testcase classname="tests.test_admin_enterprise_b2.TestCreditControl" name="test_06_lower_limit_below_debt_rejected" time="0.084" /><testcase classname="tests.test_admin_enterprise_b2.TestCreditControl" name="test_07_freeze_blocks_booking" time="0.243" /><testcase classname="tests.test_admin_enterprise_b2.TestCreditControl" name="test_08_topup_reduces_debt" time="0.350" /><testcase classname="tests.test_admin_enterprise_b2.TestCreditControl" name="test_09_credit_events_audited" time="0.365" /><testcase classname="tests.test_admin_enterprise_b2.TestLedger" name="test_ledger_basic" time="0.089" /><testcase classname="tests.test_admin_enterprise_b2.TestLedger" name="test_pagination" time="0.190" /><testcase classname="tests.test_admin_enterprise_b2.TestLedger" name="test_filters" time="0.613" /><testcase classname="tests.test_admin_enterprise_b2.TestLedger" name="test_export_csv" time="0.176" /><testcase classname="tests.test_admin_enterprise_b2.TestLedger" name="test_voucher_kinds" time="0.469" /><testcase classname="tests.test_admin_enterprise_b2.TestLedger" name="test_reconciliation" time="0.100" /><testcase classname="tests.test_admin_enterprise_b2.TestWithdrawalStages" name="test_01_queue_shape_and_legacy_mapping" time="0.838" /><testcase classname="tests.test_admin_enterprise_b2.TestWithdrawalStages" name="test_02_invalid_and_guarded_stages" time="0.272" /><testcase classname="tests.test_admin_enterprise_b2.TestWithdrawalStages" name="test_03_forward_stages_no_money_movement" time="0.495" /><testcase classname="tests.test_admin_enterprise_b2.TestWithdrawalStages" name="test_04_backwards_rejected" time="0.098" /><testcase classname="tests.test_admin_enterprise_b2.TestWithdrawalStages" name="test_05_review_debits_then_executed_allowed" time="0.468" /><testcase classname="tests.test_admin_enterprise_b2.TestWithdrawalStages" name="test_06_receipt_then_close" time="0.651" /><testcase classname="tests.test_admin_enterprise_b2.TestWithdrawalStages" name="test_07_short_receipt_url_rejected" time="0.090" /><testcase classname="tests.test_admin_enterprise_b2.TestWithdrawalStages" name="test_08_unknown_ids_404" time="0.274" /><testcase classname="tests.test_admin_enterprise_b2.TestRegression" name="test_rahal_sso_no_duplicate" time="0.404" /><testcase classname="tests.test_admin_enterprise_b2.TestRegression" name="test_inbound_webhook_hmac" time="0.341" /><testcase classname="tests.test_admin_enterprise_b2.TestRegression" name="test_office_login_market_wallet" time="0.192" /><testcase classname="tests.test_admin_enterprise_b2.TestRegression" name="test_booking_lifecycle_intact" time="1.171" /><testcase classname="tests.test_admin_enterprise_b2.TestRegression" name="test_admin_pages_load" time="0.647" /></testsuite></testsuites>