<?xml version="1.0" encoding="utf-8"?><testsuites name="pytest tests"><testsuite name="pytest" errors="0" failures="0" skipped="0" tests="19" time="15.562" timestamp="2026-08-20T18:46:18.058785+00:00" hostname="agent-env-c2e7ffa1-fee7-4e56-adb8-1ff4334b3ae6"><testcase classname="tests.test_b2c_individual.TestSmartRegistration" name="test_register_individual" time="0.909" /><testcase classname="tests.test_b2c_individual.TestIndividualAuthorization" name="test_individual_cannot_create_or_list_own_packages" time="0.774" /><testcase classname="tests.test_b2c_individual.TestIndividualAuthorization" name="test_office_cannot_become_marketer" time="0.749" /><testcase classname="tests.test_b2c_individual.TestSmartRegistration" name="test_register_individual_missing_name_400" time="0.536" /><testcase classname="tests.test_b2c_individual.TestSmartRegistration" name="test_register_office_missing_office_name_400" time="0.415" /><testcase classname="tests.test_b2c_individual.TestIndividualAuthorization" name="test_individual_blocked_from_admin" time="0.836" /><testcase classname="tests.test_b2c_individual.TestSmartRegistration" name="test_register_office_with_license" time="0.502" /><testcase classname="tests.test_b2c_individual.TestIndividualWallet" name="test_wallet_and_topup_flow" time="1.992" /><testcase classname="tests.test_b2c_individual.TestB2CBooking" name="test_individual_booking_charges_retail_and_splits_margin" time="3.246" /><testcase classname="tests.test_b2c_individual.TestIndividualWallet" name="test_insufficient_balance_booking_blocked" time="1.636" /><testcase classname="tests.test_b2c_individual.TestB2CBooking" name="test_affiliate_ref_credits_marketer" time="2.700" /><testcase classname="tests.test_b2c_individual.TestB2CCancellation" name="test_blue_cancel_reverses_margin_and_marketer" time="3.373" /><testcase classname="tests.test_b2c_individual.TestB2CBooking" name="test_bad_ref_ignored" time="1.581" /><testcase classname="tests.test_b2c_individual.TestB2CCancellation" name="test_yellow_cancel_blocked_for_individual" time="1.849" /><testcase classname="tests.test_b2c_individual.TestB2BRegression" name="test_office_booking_lifecycle_and_fees" time="2.556" /><testcase classname="tests.test_b2c_individual.TestPricingVisibility" name="test_pricing_stripped_for_individual_and_guest_shown_for_office" time="1.805" /><testcase classname="tests.test_b2c_individual.TestB2BRegression" name="test_office_blue_cancel_refund" time="1.599" /><testcase classname="tests.test_b2c_individual.TestMarketer" name="test_become_marketer_idempotent_and_affiliate_link" time="1.033" /><testcase classname="tests.test_b2c_individual.TestAdminMetrics" name="test_dashboard_new_metrics" time="0.793" /></testsuite></testsuites>