<?xml version="1.0" encoding="utf-8"?><testsuites name="pytest tests"><testsuite name="pytest" errors="0" failures="7" skipped="0" tests="157" time="33.445" timestamp="2026-09-01T20:02:40.503984+00:00" hostname="agent-env-c2e7ffa1-fee7-4e56-adb8-1ff4334b3ae6"><testcase classname="tests.test_admin_enterprise_b345.TestAuthorization" name="test_get_anonymous_401[/admin/integrations/health]" time="0.250" /><testcase classname="tests.test_admin_enterprise_b345.TestAuthorization" name="test_get_anonymous_401[/admin/integrations/outbox]" time="0.088" /><testcase classname="tests.test_admin_enterprise_b345.TestAuthorization" name="test_get_anonymous_401[/admin/programs]" time="0.085" /><testcase classname="tests.test_admin_enterprise_b345.TestAuthorization" name="test_get_anonymous_401[/admin/travelers]" time="0.088" /><testcase classname="tests.test_admin_enterprise_b345.TestAuthorization" name="test_get_anonymous_401[/admin/documents]" time="0.106" /><testcase classname="tests.test_admin_enterprise_b345.TestAuthorization" name="test_get_anonymous_401[/admin/passport-alerts]" time="0.106" /><testcase classname="tests.test_admin_enterprise_b345.TestAuthorization" name="test_get_anonymous_401[/admin/rbac/catalog]" time="0.088" /><testcase classname="tests.test_admin_enterprise_b345.TestAuthorization" name="test_get_anonymous_401[/admin/rbac/users]" time="0.084" /><testcase classname="tests.test_admin_enterprise_b345.TestAuthorization" name="test_get_anonymous_401[/admin/approvals]" time="0.086" /><testcase classname="tests.test_admin_enterprise_b345.TestAuthorization" name="test_get_anonymous_401[/admin/sessions]" time="0.077" /><testcase classname="tests.test_admin_enterprise_b345.TestAuthorization" name="test_get_anonymous_401[/admin/login-history]" time="0.081" /><testcase classname="tests.test_admin_enterprise_b345.TestAuthorization" name="test_get_anonymous_401[/admin/reports]" time="0.085" /><testcase classname="tests.test_admin_enterprise_b345.TestAuthorization" name="test_get_anonymous_401[/admin/audit]" time="0.081" /><testcase classname="tests.test_admin_enterprise_b345.TestAuthorization" name="test_get_anonymous_401[/admin/anomalies]" time="0.080" /><testcase classname="tests.test_admin_enterprise_b345.TestAuthorization" name="test_get_anonymous_401[/admin/settings]" time="0.082" /><testcase classname="tests.test_admin_enterprise_b345.TestAuthorization" name="test_get_anonymous_401[/admin/system/health]" time="0.093" /><testcase classname="tests.test_admin_enterprise_b345.TestAuthorization" name="test_get_anonymous_401[/admin/backups]" time="0.172" /><testcase classname="tests.test_admin_enterprise_b345.TestAuthorization" name="test_get_anonymous_401[/admin/orgs]" time="0.101" /><testcase classname="tests.test_admin_enterprise_b345.TestAuthorization" name="test_get_anonymous_401[/admin/tasks]" time="0.119" /><testcase classname="tests.test_admin_enterprise_b345.TestAuthorization" name="test_get_anonymous_401[/admin/notification-templates]" time="0.104" /><testcase classname="tests.test_admin_enterprise_b345.TestAuthorization" name="test_get_anonymous_401[/admin/notification-log]" time="0.084" /><testcase classname="tests.test_admin_enterprise_b345.TestAuthorization" name="test_get_office_403[/admin/integrations/health]" time="0.507" /><testcase classname="tests.test_admin_enterprise_b345.TestAuthorization" name="test_get_office_403[/admin/integrations/outbox]" time="0.066" /><testcase classname="tests.test_admin_enterprise_b345.TestAuthorization" name="test_get_office_403[/admin/programs]" time="0.067" /><testcase classname="tests.test_admin_enterprise_b345.TestAuthorization" name="test_get_office_403[/admin/travelers]" time="0.078" /><testcase classname="tests.test_admin_enterprise_b345.TestAuthorization" name="test_get_office_403[/admin/documents]" time="0.072" /><testcase classname="tests.test_admin_enterprise_b345.TestAuthorization" name="test_get_office_403[/admin/passport-alerts]" time="0.087" /><testcase classname="tests.test_admin_enterprise_b345.TestAuthorization" name="test_get_office_403[/admin/rbac/catalog]" time="0.081" /><testcase classname="tests.test_admin_enterprise_b345.TestAuthorization" name="test_get_office_403[/admin/rbac/users]" time="0.065" /><testcase classname="tests.test_admin_enterprise_b345.TestAuthorization" name="test_get_office_403[/admin/approvals]" time="0.064" /><testcase classname="tests.test_admin_enterprise_b345.TestAuthorization" name="test_get_office_403[/admin/sessions]" time="0.083" /><testcase classname="tests.test_admin_enterprise_b345.TestAuthorization" name="test_get_office_403[/admin/login-history]" time="0.076" /><testcase classname="tests.test_admin_enterprise_b345.TestAuthorization" name="test_get_office_403[/admin/reports]" time="0.085" /><testcase classname="tests.test_admin_enterprise_b345.TestAuthorization" name="test_get_office_403[/admin/audit]" time="0.070" /><testcase classname="tests.test_admin_enterprise_b345.TestAuthorization" name="test_get_office_403[/admin/anomalies]" time="0.087" /><testcase classname="tests.test_admin_enterprise_b345.TestAuthorization" name="test_get_office_403[/admin/settings]" time="0.079" /><testcase classname="tests.test_admin_enterprise_b345.TestAuthorization" name="test_get_office_403[/admin/system/health]" time="0.077" /><testcase classname="tests.test_admin_enterprise_b345.TestAuthorization" name="test_get_office_403[/admin/backups]" time="0.077" /><testcase classname="tests.test_admin_enterprise_b345.TestAuthorization" name="test_get_office_403[/admin/orgs]" time="0.079" /><testcase classname="tests.test_admin_enterprise_b345.TestAuthorization" name="test_get_office_403[/admin/tasks]" time="0.075" /><testcase classname="tests.test_admin_enterprise_b345.TestAuthorization" name="test_get_office_403[/admin/notification-templates]" time="0.073" /><testcase classname="tests.test_admin_enterprise_b345.TestAuthorization" name="test_get_office_403[/admin/notification-log]" time="0.087" /><testcase classname="tests.test_admin_enterprise_b345.TestAuthorization" name="test_post_guards[/admin/integrations/outbox/retry-all-body0]" time="0.144" /><testcase classname="tests.test_admin_enterprise_b345.TestAuthorization" name="test_post_guards[/admin/notifications/scan-body1]" time="0.160" /><testcase classname="tests.test_admin_enterprise_b345.TestAuthorization" name="test_post_guards[/admin/reports/run-body2]" time="0.148" /><testcase classname="tests.test_admin_enterprise_b345.TestAuthorization" name="test_post_guards[/admin/reports/export-body3]" time="0.163" /><testcase classname="tests.test_admin_enterprise_b345.TestAuthorization" name="test_post_guards[/admin/settings-body4]" time="0.209" /><testcase classname="tests.test_admin_enterprise_b345.TestAuthorization" name="test_post_guards[/admin/rbac/dual-control-body5]" time="0.174" /><testcase classname="tests.test_admin_enterprise_b345.TestAuthorization" name="test_post_guards[/admin/approvals-body6]" time="0.145" /><testcase classname="tests.test_admin_enterprise_b345.TestAuthorization" name="test_post_guards[/admin/reconciliation/adjust-body7]" time="0.161" /><testcase classname="tests.test_admin_enterprise_b345.TestAuthorization" name="test_post_guards[/admin/backups/run-body8]" time="0.160" /><testcase classname="tests.test_admin_enterprise_b345.TestAuthorization" name="test_post_guards[/admin/backups/restore-body9]" time="0.159" /><testcase classname="tests.test_admin_enterprise_b345.TestAuthorization" name="test_notifications_are_per_user" time="0.155" /><testcase classname="tests.test_admin_enterprise_b345.TestBatch12Fixes" name="test_analytics_counts_check_and_awaiting_seller" time="0.625" /><testcase classname="tests.test_admin_enterprise_b345.TestBatch12Fixes" name="test_credit_office_only_and_pagination" time="0.157" /><testcase classname="tests.test_admin_enterprise_b345.TestBatch12Fixes" name="test_credit_search_bypasses_only_exposed" time="0.151"><failure message="AssertionError: search result filtered out by only_exposed&#10;assert 'TEST_AFFSELL' in []">E   AssertionError: search result filtered out by only_exposed
    assert 'TEST_AFFSELL' in []</failure></testcase><testcase classname="tests.test_admin_enterprise_b345.TestBatch12Fixes" name="test_credit_limit_unique_index" time="0.002" /><testcase classname="tests.test_admin_enterprise_b345.TestBatch12Fixes" name="test_default_commission_rules_seeded" time="0.058" /><testcase classname="tests.test_admin_enterprise_b345.TestIntegrationHealth" name="test_health_groups_failures" time="0.060" /><testcase classname="tests.test_admin_enterprise_b345.TestIntegrationHealth" name="test_outbox_list" time="0.054" /><testcase classname="tests.test_admin_enterprise_b345.TestIntegrationHealth" name="test_retry_requires_reason_and_audits" time="0.172"><failure message="AssertionError: Internal Server Error&#10;assert 500 == 200&#10; +  where 500 = &lt;Response [500]&gt;.status_code">E   AssertionError: Internal Server Error
    assert 500 == 200
     +  where 500 = &lt;Response [500]&gt;.status_code</failure></testcase><testcase classname="tests.test_admin_enterprise_b345.TestIntegrationHealth" name="test_retry_unknown_id_404" time="0.059" /><testcase classname="tests.test_admin_enterprise_b345.TestIntegrationHealth" name="test_retry_all" time="0.112"><failure message="AssertionError: Internal Server Error&#10;assert 500 == 200&#10; +  where 500 = &lt;Response [500]&gt;.status_code">E   AssertionError: Internal Server Error
    assert 500 == 200
     +  where 500 = &lt;Response [500]&gt;.status_code</failure></testcase><testcase classname="tests.test_admin_enterprise_b345.TestReconciliation" name="test_dry_run_writes_nothing" time="0.232" /><testcase classname="tests.test_admin_enterprise_b345.TestReconciliation" name="test_real_entry_is_ledger_only_and_single" time="0.188" /><testcase classname="tests.test_admin_enterprise_b345.TestReconciliation" name="test_adjust_all_dry_run" time="0.225" /><testcase classname="tests.test_admin_enterprise_b345.TestReconciliation" name="test_bad_currency" time="0.057" /><testcase classname="tests.test_admin_enterprise_b345.TestWithdrawalStages" name="test_stage_catalog_is_six_with_arabic_labels" time="0.063" /><testcase classname="tests.test_admin_enterprise_b345.TestWithdrawalStages" name="test_forward_stages_never_move_money" time="0.890" /><testcase classname="tests.test_admin_enterprise_b345.TestWithdrawalStages" name="test_cannot_go_backwards" time="0.058" /><testcase classname="tests.test_admin_enterprise_b345.TestWithdrawalStages" name="test_executed_blocked_before_financial_approval" time="0.053" /><testcase classname="tests.test_admin_enterprise_b345.TestWithdrawalStages" name="test_closed_blocked_before_receipt" time="0.358" /><testcase classname="tests.test_admin_enterprise_b345.TestWithdrawalStages" name="test_invalid_stage_rejected" time="0.056" /><testcase classname="tests.test_admin_enterprise_b345.TestBookingLifecycleAndNotify" name="test_booking_charges_net_plus_10pct_with_snapshot" time="1.465" /><testcase classname="tests.test_admin_enterprise_b345.TestBookingLifecycleAndNotify" name="test_seller_approve_moves_money_and_notifies_buyer" time="1.360" /><testcase classname="tests.test_admin_enterprise_b345.TestBookingLifecycleAndNotify" name="test_reject_notifies_buyer" time="1.231" /><testcase classname="tests.test_admin_enterprise_b345.TestBookingLifecycleAndNotify" name="test_mark_notification_read" time="0.280" /><testcase classname="tests.test_admin_enterprise_b345.TestDocumentLimits" name="test_oversized_file_rejected" time="1.247" /><testcase classname="tests.test_admin_enterprise_b345.TestDocumentLimits" name="test_batch_limit_rejected" time="0.082" /><testcase classname="tests.test_admin_enterprise_b345.TestDocumentLimits" name="test_small_upload_then_admin_delete_requires_reason" time="0.255" /><testcase classname="tests.test_admin_enterprise_b345.TestPrograms" name="test_list_filters_and_seats" time="0.059" /><testcase classname="tests.test_admin_enterprise_b345.TestPrograms" name="test_list_pagination_and_currency_filter" time="0.347" /><testcase classname="tests.test_admin_enterprise_b345.TestPrograms" name="test_detail_has_events_and_bookings" time="0.139" /><testcase classname="tests.test_admin_enterprise_b345.TestPrograms" name="test_patch_requires_reason_and_rejects_unknown_fields" time="0.202" /><testcase classname="tests.test_admin_enterprise_b345.TestPrograms" name="test_patch_cannot_reduce_seats_below_sold" time="0.058" /><testcase classname="tests.test_admin_enterprise_b345.TestPrograms" name="test_patch_applies_and_logs_event" time="0.063" /><testcase classname="tests.test_admin_enterprise_b345.TestPrograms" name="test_state_transitions" time="0.330" /><testcase classname="tests.test_admin_enterprise_b345.TestPrograms" name="test_extend_and_images" time="0.280" /><testcase classname="tests.test_admin_enterprise_b345.TestTravelers" name="test_travelers_list" time="0.062" /><testcase classname="tests.test_admin_enterprise_b345.TestTravelers" name="test_travelers_filters" time="0.249" /><testcase classname="tests.test_admin_enterprise_b345.TestTravelers" name="test_documents_and_passport_alerts" time="0.120" /><testcase classname="tests.test_admin_enterprise_b345.TestRBAC" name="test_catalog" time="0.069" /><testcase classname="tests.test_admin_enterprise_b345.TestRBAC" name="test_super_admin_resolves_star" time="0.060" /><testcase classname="tests.test_admin_enterprise_b345.TestRBAC" name="test_rbac_users_listing" time="0.062" /><testcase classname="tests.test_admin_enterprise_b345.TestRBAC" name="test_assign_roles" time="1.100" /><testcase classname="tests.test_admin_enterprise_b345.TestRBAC" name="test_dual_control_settings" time="0.331" /><testcase classname="tests.test_admin_enterprise_b345.TestMakerChecker" name="test_maker_cannot_check" time="0.831" /><testcase classname="tests.test_admin_enterprise_b345.TestMakerChecker" name="test_reject_path" time="0.128" /><testcase classname="tests.test_admin_enterprise_b345.TestSessionsAndAccountControl" name="test_sessions_recorded_with_ip_and_ua" time="0.780" /><testcase classname="tests.test_admin_enterprise_b345.TestSessionsAndAccountControl" name="test_login_history" time="0.298" /><testcase classname="tests.test_admin_enterprise_b345.TestSessionsAndAccountControl" name="test_force_logout_invalidates_existing_token" time="2.733" /><testcase classname="tests.test_admin_enterprise_b345.TestSessionsAndAccountControl" name="test_suspend_and_super_admin_protection" time="0.981"><failure message="AssertionError: SUSPENDED account could still log in (status_code 200)&#10;assert 200 == 401&#10; +  where 200 = &lt;Response [200]&gt;.status_code">E   AssertionError: SUSPENDED account could still log in (status_code 200)
    assert 200 == 401
     +  where 200 = &lt;Response [200]&gt;.status_code</failure></testcase><testcase classname="tests.test_admin_enterprise_b345.TestSessionsAndAccountControl" name="test_2fa_setup_and_verify" time="0.644" /><testcase classname="tests.test_admin_enterprise_b345.TestNotificationCenter" name="test_scan_is_idempotent_same_day" time="0.424" /><testcase classname="tests.test_admin_enterprise_b345.TestNotificationCenter" name="test_templates_crud" time="0.221" /><testcase classname="tests.test_admin_enterprise_b345.TestNotificationCenter" name="test_notification_log_stats" time="0.117" /><testcase classname="tests.test_admin_enterprise_b345.TestNotificationCenter" name="test_tasks_center" time="0.056" /><testcase classname="tests.test_admin_enterprise_b345.TestReports" name="test_catalog" time="0.053" /><testcase classname="tests.test_admin_enterprise_b345.TestReports" name="test_run_every_report[sales]" time="0.065" /><testcase classname="tests.test_admin_enterprise_b345.TestReports" name="test_run_every_report[profit]" time="0.063" /><testcase classname="tests.test_admin_enterprise_b345.TestReports" name="test_run_every_report[wallets]" time="0.063" /><testcase classname="tests.test_admin_enterprise_b345.TestReports" name="test_run_every_report[credit]" time="0.058" /><testcase classname="tests.test_admin_enterprise_b345.TestReports" name="test_run_every_report[programs]" time="0.097" /><testcase classname="tests.test_admin_enterprise_b345.TestReports" name="test_run_every_report[travelers]" time="0.064" /><testcase classname="tests.test_admin_enterprise_b345.TestReports" name="test_run_every_report[cancellations]" time="0.058" /><testcase classname="tests.test_admin_enterprise_b345.TestReports" name="test_run_every_report[withdrawals]" time="0.058" /><testcase classname="tests.test_admin_enterprise_b345.TestReports" name="test_run_every_report[offices]" time="2.145" /><testcase classname="tests.test_admin_enterprise_b345.TestReports" name="test_run_every_report[users]" time="0.469" /><testcase classname="tests.test_admin_enterprise_b345.TestReports" name="test_run_every_report[audit]" time="0.061" /><testcase classname="tests.test_admin_enterprise_b345.TestReports" name="test_run_every_report[escrow]" time="0.073" /><testcase classname="tests.test_admin_enterprise_b345.TestReports" name="test_run_every_report[fx]" time="0.095" /><testcase classname="tests.test_admin_enterprise_b345.TestReports" name="test_run_unknown_report" time="0.062" /><testcase classname="tests.test_admin_enterprise_b345.TestReports" name="test_export_csv_bom" time="0.069" /><testcase classname="tests.test_admin_enterprise_b345.TestReports" name="test_filters_applied" time="0.138" /><testcase classname="tests.test_admin_enterprise_b345.TestReports" name="test_save_report" time="0.163" /><testcase classname="tests.test_admin_enterprise_b345.TestAuditAnomalies" name="test_audit_merges_sources" time="0.075" /><testcase classname="tests.test_admin_enterprise_b345.TestAuditAnomalies" name="test_audit_filters" time="0.122"><failure message="AssertionError: actor filter is only applied to audit_log; merged sources leak through: [{'source': 'booking_events', 'at': '2026-09-01T20:02:56.060469+00:00', 'entity': 'booking', 'entity_id': '6a972f6b71ad0d1091f449bb', 'action': 'document_deleted_by_admin', 'actor': 'super_admin', 'reason': 'TEST_QA حذف مستند تجريبي', 'before': None, 'after': {'doc_type': 'passport', 'filename': 'ok.png'}}, {'source': 'booking_events', 'at': '2026-09-01T20:02:55.934524+00:00', 'entity': 'booking', 'entity_id': '6a972f6b71ad0d1091f449bb', 'action': 'document_uploaded', 'actor': 'office', 'reason': None, 'before': None, 'after': {'doc_type': 'passport', 'registrant_index': 0}}, {'source': 'booking_events', 'at': '2026-09-01T20:02:53.172483+00:00', 'entity': 'booking', 'entity_id': '6a972f6d71ad0d1091f449c6', 'action': 'seller_rejected', 'actor': 'seller', 'reason': 'TEST_QA مقاعد غير متاحة', 'before': None, 'after': {}}]&#10;assert not [{'source': 'booking_events', 'at': '2026-09-01T20:02:56.060469+00:00', 'entity': 'booking', 'entity_id': '6a972f6b71a...ts', 'at': '2026-09-01T20:02:51.590870+00:00', 'entity': 'booking', 'entity_id': '6a972f6b71ad0d1091f449bb', ...}, ...]">E   AssertionError: actor filter is only applied to audit_log; merged sources leak through: [{'source': 'booking_events', 'at': '2026-09-01T20:02:56.060469+00:00', 'entity': 'booking', 'entity_id': '6a972f6b71ad0d1091f449bb', 'action': 'document_deleted_by_admin', 'actor': 'super_admin', 'reason': 'TEST_QA حذف مستند تجريبي', 'before': None, 'after': {'doc_type': 'passport', 'filename': 'ok.png'}}, {'source': 'booking_events', 'at': '2026-09-01T20:02:55.934524+00:00', 'entity': 'booking', 'entity_id': '6a972f6b71ad0d1091f449bb', 'action': 'document_uploaded', 'actor': 'office', 'reason': None, 'before': None, 'after': {'doc_type': 'passport', 'registrant_index': 0}}, {'source': 'booking_events', 'at': '2026-09-01T20:02:53.172483+00:00', 'entity': 'booking', 'entity_id': '6a972f6d71ad0d1091f449c6', 'action': 'seller_rejected', 'actor': 'seller', 'reason': 'TEST_QA مقاعد غير متاحة', 'before': None, 'after': {}}]
    assert not [{'source': 'booking_events', 'at': '2026-09-01T20:02:56.060469+00:00', 'entity': 'booking', 'entity_id': '6a972f6b71a...ts', 'at': '2026-09-01T20:02:51.590870+00:00', 'entity': 'booking', 'entity_id': '6a972f6b71ad0d1091f449bb', ...}, ...]</failure></testcase><testcase classname="tests.test_admin_enterprise_b345.TestAuditAnomalies" name="test_anomalies" time="0.122" /><testcase classname="tests.test_admin_enterprise_b345.TestSettingsHealthBackup" name="test_settings_sections" time="0.054"><failure message="AssertionError: ['currencies', 'commission', 'order_flow', 'reasons', 'documents', 'credit', ...]&#10;assert 13 == 11&#10; +  where 13 = len({'currencies': {'base': 'USD', 'supported': ['SAR', 'USD'], 'fx_rate_sar_per_usd': 3.75}, 'commission': {'platform_pct...ات ناقصة', 'سعر غير صحيح', 'أخرى'], 'cancellation': ['طلب العميل', 'عدم اكتمال المستندات', 'قرار إداري', 'أخرى']}, ...})">E   AssertionError: ['currencies', 'commission', 'order_flow', 'reasons', 'documents', 'credit', ...]
    assert 13 == 11
     +  where 13 = len({'currencies': {'base': 'USD', 'supported': ['SAR', 'USD'], 'fx_rate_sar_per_usd': 3.75}, 'commission': {'platform_pct...ات ناقصة', 'سعر غير صحيح', 'أخرى'], 'cancellation': ['طلب العميل', 'عدم اكتمال المستندات', 'قرار إداري', 'أخرى']}, ...})</failure></testcase><testcase classname="tests.test_admin_enterprise_b345.TestSettingsHealthBackup" name="test_unknown_section_rejected" time="0.112" /><testcase classname="tests.test_admin_enterprise_b345.TestSettingsHealthBackup" name="test_settings_change_audited_and_restored" time="0.302" /><testcase classname="tests.test_admin_enterprise_b345.TestSettingsHealthBackup" name="test_system_health" time="0.063" /><testcase classname="tests.test_admin_enterprise_b345.TestSettingsHealthBackup" name="test_backup_run_and_retention" time="0.429"><failure message="AssertionError: assert 2 == 1&#10; +  where 2 = count_documents({'action': 'backup_run', 'reason': 'TEST_QA نسخة اختبار'})&#10; +    where count_documents = Collection(Database(MongoClient(host=['localhost:27017'], document_class=dict, tz_aware=False, connect=True), 'test_database'), 'audit_log').count_documents&#10; +      where Collection(Database(MongoClient(host=['localhost:27017'], document_class=dict, tz_aware=False, connect=True), 'test_database'), 'audit_log') = Database(MongoClient(host=['localhost:27017'], document_class=dict, tz_aware=False, connect=True), 'test_database').audit_log">E   AssertionError: assert 2 == 1
     +  where 2 = count_documents({'action': 'backup_run', 'reason': 'TEST_QA نسخة اختبار'})
     +    where count_documents = Collection(Database(MongoClient(host=['localhost:27017'], document_class=dict, tz_aware=False, connect=True), 'test_database'), 'audit_log').count_documents
     +      where Collection(Database(MongoClient(host=['localhost:27017'], document_class=dict, tz_aware=False, connect=True), 'test_database'), 'audit_log') = Database(MongoClient(host=['localhost:27017'], document_class=dict, tz_aware=False, connect=True), 'test_database').audit_log</failure></testcase><testcase classname="tests.test_admin_enterprise_b345.TestSettingsHealthBackup" name="test_restore_refused" time="0.239" /><testcase classname="tests.test_admin_enterprise_b345.TestRegressionPages" name="test_admin_endpoint_ok[/admin/analytics]" time="0.106" /><testcase classname="tests.test_admin_enterprise_b345.TestRegressionPages" name="test_admin_endpoint_ok[/admin/bookings]" time="0.070" /><testcase classname="tests.test_admin_enterprise_b345.TestRegressionPages" name="test_admin_endpoint_ok[/admin/cancellations]" time="0.054" /><testcase classname="tests.test_admin_enterprise_b345.TestRegressionPages" name="test_admin_endpoint_ok[/admin/disputes]" time="0.109" /><testcase classname="tests.test_admin_enterprise_b345.TestRegressionPages" name="test_admin_endpoint_ok[/admin/offices]" time="0.123" /><testcase classname="tests.test_admin_enterprise_b345.TestRegressionPages" name="test_admin_endpoint_ok[/admin/topups]" time="0.057" /><testcase classname="tests.test_admin_enterprise_b345.TestRegressionPages" name="test_admin_endpoint_ok[/admin/transfers]" time="0.057" /><testcase classname="tests.test_admin_enterprise_b345.TestRegressionPages" name="test_admin_endpoint_ok[/admin/withdrawals]" time="0.062" /><testcase classname="tests.test_admin_enterprise_b345.TestRegressionPages" name="test_admin_endpoint_ok[/admin/ledger]" time="0.077" /><testcase classname="tests.test_admin_enterprise_b345.TestRegressionPages" name="test_admin_endpoint_ok[/admin/reconciliation]" time="0.075" /><testcase classname="tests.test_admin_enterprise_b345.TestRegressionPages" name="test_admin_endpoint_ok[/admin/commission-rules]" time="0.057" /><testcase classname="tests.test_admin_enterprise_b345.TestRegressionPages" name="test_admin_endpoint_ok[/admin/credit]" time="0.066" /><testcase classname="tests.test_admin_enterprise_b345.TestRegressionPages" name="test_admin_endpoint_ok[/admin/withdrawals/queue]" time="0.058" /><testcase classname="tests.test_admin_enterprise_b345.TestRegressionPages" name="test_admin_endpoint_ok[/admin/credit-events]" time="0.058" /><testcase classname="tests.test_admin_enterprise_b345.TestRegressionPages" name="test_admin_endpoint_ok[/admin/commission-events]" time="0.058" /><testcase classname="tests.test_admin_enterprise_b345.TestRegressionPages" name="test_office_endpoint_ok[/packages-params0]" time="0.076" /><testcase classname="tests.test_admin_enterprise_b345.TestRegressionPages" name="test_office_endpoint_ok[/packages/mine-params1]" time="0.062" /><testcase classname="tests.test_admin_enterprise_b345.TestRegressionPages" name="test_office_endpoint_ok[/bookings-params2]" time="0.072" /><testcase classname="tests.test_admin_enterprise_b345.TestRegressionPages" name="test_office_endpoint_ok[/bookings-params3]" time="0.064" /><testcase classname="tests.test_admin_enterprise_b345.TestRegressionPages" name="test_office_endpoint_ok[/wallet-params4]" time="0.084" /><testcase classname="tests.test_admin_enterprise_b345.TestRegressionPages" name="test_office_endpoint_ok[/wallet/transactions-params5]" time="0.067" /><testcase classname="tests.test_admin_enterprise_b345.TestRegressionPages" name="test_office_endpoint_ok[/wallet/withdrawals-params6]" time="0.070" /><testcase classname="tests.test_admin_enterprise_b345.TestRegressionPages" name="test_office_endpoint_ok[/notifications-params7]" time="0.074" /></testsuite></testsuites>