<?xml version="1.0" encoding="utf-8"?><testsuites name="pytest tests"><testsuite name="pytest" errors="0" failures="0" skipped="0" tests="15" time="18.116" timestamp="2026-08-21T17:45:24.864738+00:00" hostname="agent-env-c2e7ffa1-fee7-4e56-adb8-1ff4334b3ae6"><testcase classname="tests.test_dual_currency.TestDualCurrencyWallet" name="test_fresh_wallet_shape" time="1.498" /><testcase classname="tests.test_dual_currency.TestDualCurrencyWallet" name="test_topup_keeps_currency" time="0.986" /><testcase classname="tests.test_dual_currency.TestSarBooking" name="test_sar_booking_deducts_only_sar" time="1.338" /><testcase classname="tests.test_dual_currency.TestSarBooking" name="test_blue_cancel_refunds_in_program_currency" time="1.158" /><testcase classname="tests.test_dual_currency.TestCrossCurrencyShortfall" name="test_usd_shortfall_covered_from_sar" time="1.435" /><testcase classname="tests.test_dual_currency.TestCrossCurrencyShortfall" name="test_insufficient_total_funds_rejected" time="1.226" /><testcase classname="tests.test_dual_currency.TestSettlementGuard" name="test_settle_blocked_before_grace" time="1.282" /><testcase classname="tests.test_dual_currency.TestYellowCancellation" name="test_yellow_flow_settles_in_program_currency" time="1.316" /><testcase classname="tests.test_dual_currency.TestP2PAndWithdrawal" name="test_transfer_currency_aware" time="1.621" /><testcase classname="tests.test_dual_currency.TestP2PAndWithdrawal" name="test_withdrawal_currency_aware" time="1.009" /><testcase classname="tests.test_dual_currency.TestMarketerCommission" name="test_marketer_commission_in_program_currency" time="1.551" /><testcase classname="tests.test_dual_currency.TestDisputeCurrencyAware" name="test_dispute_refund_buyer_in_program_currency" time="1.301" /><testcase classname="tests.test_dual_currency.TestAdminDashboardPerCurrency" name="test_dashboard_split_per_currency" time="0.103" /><testcase classname="tests.test_dual_currency.TestAdminDashboardPerCurrency" name="test_liquidity_moves_with_currency_of_topup" time="0.874" /><testcase classname="tests.test_dual_currency.TestMoneyConservation" name="test_no_negative_balances_and_value_conserved" time="1.337" /></testsuite></testsuites>