<?xml version="1.0" encoding="utf-8"?><testsuites name="pytest tests"><testsuite name="pytest" errors="0" failures="0" skipped="0" tests="11" time="1.934" timestamp="2026-08-22T08:40:33.972874+00:00" hostname="agent-env-c2e7ffa1-fee7-4e56-adb8-1ff4334b3ae6"><testcase classname="tests.test_rahal_inbound_e2e8.TestShareFullV2" name="test_01_share_accepted_and_returns_ids" time="0.221" /><testcase classname="tests.test_rahal_inbound_e2e8.TestShareFullV2" name="test_02_office_get_package_maps_all_v2_fields" time="0.377" /><testcase classname="tests.test_rahal_inbound_e2e8.TestShareFullV2" name="test_03_stored_image_url_is_reachable_200" time="0.296" /><testcase classname="tests.test_rahal_inbound_e2e8.TestShareFullV2" name="test_04_non_office_pricing_is_stripped" time="0.098" /><testcase classname="tests.test_rahal_inbound_e2e8.TestShareFullV2" name="test_05_bad_signature_share_401" time="0.100" /><testcase classname="tests.test_rahal_inbound_e2e8.TestPackageUpdatedWebhook" name="test_10_partial_update_by_ref_no_blank_no_duplicate" time="0.200" /><testcase classname="tests.test_rahal_inbound_e2e8.TestPackageUpdatedWebhook" name="test_11_no_duplicate_package_for_ref" time="0.048" /><testcase classname="tests.test_rahal_inbound_e2e8.TestPackageUpdatedWebhook" name="test_12_idempotency_same_event_id" time="0.207" /><testcase classname="tests.test_rahal_inbound_e2e8.TestPackageUpdatedWebhook" name="test_13_update_matching_by_meraaj_package_id" time="0.142" /><testcase classname="tests.test_rahal_inbound_e2e8.TestPackageUpdatedWebhook" name="test_14_webhook_bad_signature_401" time="0.102" /><testcase classname="tests.test_rahal_inbound_e2e8.TestPackageUpdatedWebhook" name="test_15_reshare_same_ref_does_not_duplicate" time="0.092" /></testsuite></testsuites>