<?xml version="1.0" encoding="utf-8"?><testsuites name="pytest tests"><testsuite name="pytest" errors="0" failures="0" skipped="0" tests="18" time="14.247" timestamp="2026-08-22T08:36:19.441453+00:00" hostname="agent-env-c2e7ffa1-fee7-4e56-adb8-1ff4334b3ae6"><testcase classname="tests.test_rahal_e2e_v8.TestInboundShare" name="test_hmac_required" time="0.136" /><testcase classname="tests.test_rahal_e2e_v8.TestInboundShare" name="test_all_v2_fields_stored_and_visible_to_office" time="0.526" /><testcase classname="tests.test_rahal_e2e_v8.TestInboundShare" name="test_stored_image_url_actually_loads" time="0.144" /><testcase classname="tests.test_rahal_e2e_v8.TestInboundShare" name="test_share_idempotent_no_duplicate" time="0.236" /><testcase classname="tests.test_rahal_e2e_v8.TestWebhookUpdated" name="test_update_matches_by_ref_not_title" time="0.154" /><testcase classname="tests.test_rahal_e2e_v8.TestWebhookUpdated" name="test_event_id_idempotency" time="0.234" /><testcase classname="tests.test_rahal_e2e_v8.TestWebhookUpdated" name="test_partial_update_does_not_blank_fields" time="0.187" /><testcase classname="tests.test_rahal_e2e_v8.TestWebhookUpdated" name="test_wrong_title_correct_ref_updates_right_package" time="0.286" /><testcase classname="tests.test_rahal_e2e_v8.TestWebhookUpdated" name="test_mirror_refreshed_after_update" time="0.001" /><testcase classname="tests.test_rahal_e2e_v8.TestWebhookEdges" name="test_unmatched_meraaj_package_id_should_not_be_acked_as_handled" time="0.099" /><testcase classname="tests.test_rahal_e2e_v8.TestWebhookEdges" name="test_malformed_room_pricing_does_not_500" time="0.101" /><testcase classname="tests.test_rahal_e2e_v8.TestWebhookEdges" name="test_unknown_event_not_handled" time="0.099" /><testcase classname="tests.test_rahal_e2e_v8.TestSanitization" name="test_individual_sees_customer_only" time="0.415" /><testcase classname="tests.test_rahal_e2e_v8.TestSanitization" name="test_anonymous_sees_customer_only" time="0.098" /><testcase classname="tests.test_rahal_e2e_v8.TestSanitization" name="test_market_list_sanitized_for_anonymous" time="0.095" /><testcase classname="tests.test_rahal_e2e_v8.TestOutbound" name="test_publish_enqueues_and_delivers" time="11.144" /><testcase classname="tests.test_rahal_e2e_v8.TestOutbound" name="test_meraaj_outbound_signature_is_valid" time="0.156" /><testcase classname="tests.test_rahal_e2e_v8.TestOutbound" name="test_rahal_webhook_url_configured" time="0.005" /></testsuite></testsuites>