<?xml version="1.0" encoding="utf-8"?><testsuites name="pytest tests"><testsuite name="pytest" errors="0" failures="2" skipped="0" tests="63" time="20.961" timestamp="2026-09-03T08:57:50.296383+00:00" hostname="agent-env-c2e7ffa1-fee7-4e56-adb8-1ff4334b3ae6"><testcase classname="tests.test_review_final_r2.TestDashboardAlerts" name="test_dashboard_v2_loads" time="0.578" /><testcase classname="tests.test_review_final_r2.TestDashboardAlerts" name="test_alerts_have_no_duplicates" time="0.110" /><testcase classname="tests.test_review_final_r2.TestDashboardAlerts" name="test_alert_messages_unique" time="0.105" /><testcase classname="tests.test_review_final_r2.TestAuthRegression" name="test_buyer_login_and_dual_wallet" time="0.473" /><testcase classname="tests.test_review_final_r2.TestAuthRegression" name="test_admin_permissions_not_empty" time="0.065" /><testcase classname="tests.test_review_final_r2.TestReportsDateFiltering" name="test_dated_report_flags[sales]" time="0.063" /><testcase classname="tests.test_review_final_r2.TestReportsDateFiltering" name="test_dated_report_flags[profit]" time="0.062" /><testcase classname="tests.test_review_final_r2.TestReportsDateFiltering" name="test_dated_report_flags[programs]" time="0.063" /><testcase classname="tests.test_review_final_r2.TestReportsDateFiltering" name="test_dated_report_flags[travelers]" time="0.066" /><testcase classname="tests.test_review_final_r2.TestReportsDateFiltering" name="test_dated_report_flags[cancellations]" time="0.064" /><testcase classname="tests.test_review_final_r2.TestReportsDateFiltering" name="test_dated_report_flags[withdrawals]" time="0.062" /><testcase classname="tests.test_review_final_r2.TestReportsDateFiltering" name="test_dated_report_flags[users]" time="0.067" /><testcase classname="tests.test_review_final_r2.TestReportsDateFiltering" name="test_dated_report_flags[audit]" time="0.062" /><testcase classname="tests.test_review_final_r2.TestReportsDateFiltering" name="test_dated_report_flags[escrow]" time="0.061" /><testcase classname="tests.test_review_final_r2.TestReportsDateFiltering" name="test_rows_inside_range[sales]" time="0.076" /><testcase classname="tests.test_review_final_r2.TestReportsDateFiltering" name="test_rows_inside_range[profit]" time="0.071" /><testcase classname="tests.test_review_final_r2.TestReportsDateFiltering" name="test_rows_inside_range[cancellations]" time="0.065" /><testcase classname="tests.test_review_final_r2.TestReportsDateFiltering" name="test_rows_inside_range[withdrawals]" time="0.063" /><testcase classname="tests.test_review_final_r2.TestReportsDateFiltering" name="test_rows_inside_range[audit]" time="0.069" /><testcase classname="tests.test_review_final_r2.TestReportsDateFiltering" name="test_narrow_single_day_range" time="0.062" /><testcase classname="tests.test_review_final_r2.TestReportsDateFiltering" name="test_inclusive_boundary_includes_today" time="1.135" /><testcase classname="tests.test_review_final_r2.TestReportsDateFiltering" name="test_snapshot_reports[wallets]" time="0.074" /><testcase classname="tests.test_review_final_r2.TestReportsDateFiltering" name="test_snapshot_reports[credit]" time="0.065" /><testcase classname="tests.test_review_final_r2.TestReportsDateFiltering" name="test_snapshot_reports[offices]" time="3.002" /><testcase classname="tests.test_review_final_r2.TestReportsDateFiltering" name="test_snapshot_reports[fx]" time="0.075" /><testcase classname="tests.test_review_final_r2.TestReportsDateFiltering" name="test_currency_filter" time="0.137" /><testcase classname="tests.test_review_final_r2.TestReportsDateFiltering" name="test_export_csv" time="0.063" /><testcase classname="tests.test_review_final_r2.TestReportsDateFiltering" name="test_export_pdf" time="0.159" /><testcase classname="tests.test_review_final_r2.TestReportsDateFiltering" name="test_saved_filter" time="0.122" /><testcase classname="tests.test_review_final_r2.TestOrderDetailNo500" name="test_20_bookings_full" time="1.644" /><testcase classname="tests.test_review_final_r2.TestOrderDetailNo500" name="test_synthetic_legacy_reference_booking" time="0.133"><failure message="AssertionError: /financials: 404 {&quot;detail&quot;:&quot;العنصر غير موجود&quot;}&#10;assert 404 == 200&#10; +  where 404 = &lt;Response [404]&gt;.status_code">self = &lt;test_review_final_r2.TestOrderDetailNo500 object at 0xf988e30a5410&gt;
admin = &lt;requests.sessions.Session object at 0xf988e58761d0&gt;

    def test_synthetic_legacy_reference_booking(self, admin):
        """Non-ObjectId package/buyer/seller references must not blow up the order detail."""
        from bson import ObjectId
        doc = {"_id": ObjectId(), "package_id": "LEGACY-PKG-REF", "buyer_id": "LEGACY-BUYER",
               "seller_id": "LEGACY-SELLER", "package_title": "TEST_legacy_ref",
               "seats": 1, "amount_charged": 100.0, "net_cost_total": 80.0,
               "platform_fee": 10.0, "currency": "SAR", "status": "blue",
               "registrants": [], "created_at": "2026-07-01T00:00:00+00:00"}
        mdb.bookings.insert_one(doc)
        bid = str(doc["_id"])
        try:
            r = admin.get(f"{API}/admin/bookings/{bid}/full", timeout=60)
            assert r.status_code == 200, f"/full: {r.status_code} {r.text[:200]}"
            f = admin.get(f"{API}/admin/bookings/{bid}/financials", timeout=60)
&gt;           assert f.status_code == 200, f"/financials: {f.status_code} {f.text[:200]}"
E           AssertionError: /financials: 404 {"detail":"العنصر غير موجود"}
E           assert 404 == 200
E            +  where 404 = &lt;Response [404]&gt;.status_code

tests/test_review_final_r2.py:209: AssertionError</failure></testcase><testcase classname="tests.test_review_final_r2.TestOrderDetailNo500" name="test_unknown_id_is_clean_404" time="0.063" /><testcase classname="tests.test_review_final_r2.TestOrderDetailNo500" name="test_garbage_id_not_500" time="0.061" /><testcase classname="tests.test_review_final_r2.TestFinancialStatement" name="test_financials_shape" time="0.646" /><testcase classname="tests.test_review_final_r2.TestFinancialStatement" name="test_financials_legacy_ids_no_500" time="0.002" /><testcase classname="tests.test_review_final_r2.TestFinancialStatement" name="test_view_does_not_change_money" time="0.210" /><testcase classname="tests.test_review_final_r2.TestBackups" name="test_storage_destinations" time="0.064" /><testcase classname="tests.test_review_final_r2.TestBackups" name="test_cloud_destination_refused" time="0.070" /><testcase classname="tests.test_review_final_r2.TestBackups" name="test_reason_mandatory" time="0.069" /><testcase classname="tests.test_review_final_r2.TestBackups" name="test_run_server_and_download" time="0.329" /><testcase classname="tests.test_review_final_r2.TestBackups" name="test_download_backup" time="0.137" /><testcase classname="tests.test_review_final_r2.TestBackups" name="test_validate_backup" time="0.078" /><testcase classname="tests.test_review_final_r2.TestBackups" name="test_validate_missing_file_404" time="0.063" /><testcase classname="tests.test_review_final_r2.TestBackups" name="test_isolated_restore_drill" time="1.155" /><testcase classname="tests.test_review_final_r2.TestBackups" name="test_production_restore_refused" time="0.082" /><testcase classname="tests.test_review_final_r2.TestBackupImport" name="test_corrupted_file_rejected_with_detail" time="0.159" /><testcase classname="tests.test_review_final_r2.TestBackupImport" name="test_bad_extension_rejected" time="0.116" /><testcase classname="tests.test_review_final_r2.TestBackupImport" name="test_valid_backup_accepted" time="0.607"><failure message="AssertionError: {&quot;detail&quot;:&quot;الملف مرفوض ولم يُخزَّن — المحتوى ليس أرشيف mongodump مضغوطاً (الاسم: meraaj-uploaded-20260903-085803-reimport-meraaj-test_database-20260903-085800.archive.gz.enc، الحجم: 1.13 ميجابايت). ارفع ملف نسخة صالحاً أنشأه النظام بامتداد .archive.gz أو .archive.gz.enc، وتأكد أنه مشفّر بنفس مفتاح BACKUP_PASSPHRASE.&quot;}&#10;assert 400 == 200&#10; +  where 400 = &lt;Response [400]&gt;.status_code">self = &lt;test_review_final_r2.TestBackupImport object at 0xf988e30af190&gt;
admin = &lt;requests.sessions.Session object at 0xf988e58761d0&gt;

    def test_valid_backup_accepted(self, admin):
        f = _latest_file()
        blob = admin.get(f"{API}/admin/backups/{f}/download", timeout=300).content
        r = requests.post(f"{API}/admin/backups/upload",
                          files={"file": (f"reimport-{f}", io.BytesIO(blob),
                                          "application/octet-stream")},
                          data={"reason": R},
                          headers={"Authorization": admin.headers["Authorization"]}, timeout=600)
&gt;       assert r.status_code == 200, r.text[:400]
E       AssertionError: {"detail":"الملف مرفوض ولم يُخزَّن — المحتوى ليس أرشيف mongodump مضغوطاً (الاسم: meraaj-uploaded-20260903-085803-reimport-meraaj-test_database-20260903-085800.archive.gz.enc، الحجم: 1.13 ميجابايت). ارفع ملف نسخة صالحاً أنشأه النظام بامتداد .archive.gz أو .archive.gz.enc، وتأكد أنه مشفّر بنفس مفتاح BACKUP_PASSPHRASE."}
E       assert 400 == 200
E        +  where 400 = &lt;Response [400]&gt;.status_code

tests/test_review_final_r2.py:384: AssertionError</failure></testcase><testcase classname="tests.test_review_final_r2.TestBackupImport" name="test_plaintext_archive_accepted_rca" time="0.563" /><testcase classname="tests.test_review_final_r2.TestMaintenance" name="test_policies" time="0.077" /><testcase classname="tests.test_review_final_r2.TestMaintenance" name="test_preview" time="0.628" /><testcase classname="tests.test_review_final_r2.TestMaintenance" name="test_dry_run_deletes_nothing" time="0.454" /><testcase classname="tests.test_review_final_r2.TestMaintenance" name="test_wrong_confirm_phrase_refused" time="0.078" /><testcase classname="tests.test_review_final_r2.TestMaintenance" name="test_protected_type_refused[audit_log]" time="0.126" /><testcase classname="tests.test_review_final_r2.TestMaintenance" name="test_protected_type_refused[transactions]" time="0.126" /><testcase classname="tests.test_review_final_r2.TestMaintenance" name="test_protected_type_refused[bookings]" time="0.124" /><testcase classname="tests.test_review_final_r2.TestMaintenance" name="test_protected_type_refused[users]" time="0.166" /><testcase classname="tests.test_review_final_r2.TestMaintenance" name="test_unknown_kind_refused" time="0.062" /><testcase classname="tests.test_review_final_r2.TestMaintenance" name="test_history" time="0.062" /><testcase classname="tests.test_review_final_r2.TestAdminControls" name="test_org_lifecycle" time="2.582" /><testcase classname="tests.test_review_final_r2.TestAdminControls" name="test_rbac_user_lifecycle" time="1.668" /><testcase classname="tests.test_review_final_r2.TestAdminControls" name="test_program_controls" time="0.999" /><testcase classname="tests.test_review_final_r2.TestAdminControls" name="test_credit_controls" time="0.258" /></testsuite></testsuites>