<?xml version="1.0" encoding="utf-8"?><testsuites name="pytest tests"><testsuite name="pytest" errors="0" failures="0" skipped="0" tests="104" time="145.132" timestamp="2026-08-21T17:11:53.601492+00:00" hostname="agent-env-c2e7ffa1-fee7-4e56-adb8-1ff4334b3ae6"><testcase classname="tests.backend_test.TestAuthSecurity" name="test_health" time="0.297" /><testcase classname="tests.test_rahal_inbound_sync" name="test_disable_events_unlist_package[package.deactivated]" time="0.872" /><testcase classname="tests.backend_test.TestAuthSecurity" name="test_admin_login_sets_httponly_cookie_and_token" time="0.421" /><testcase classname="tests.backend_test.TestAuthSecurity" name="test_bcrypt_hash_format" time="0.005" /><testcase classname="tests.backend_test.TestAuthSecurity" name="test_login_wrong_password_401" time="0.428" /><testcase classname="tests.test_rahal_inbound_sync" name="test_disable_events_unlist_package[package.deleted]" time="1.135" /><testcase classname="tests.backend_test.TestAuthSecurity" name="test_brute_force_lockout_after_5_failures" time="2.502" /><testcase classname="tests.test_rahal_inbound_sync" name="test_disable_events_unlist_package[package.removed]" time="1.185" /><testcase classname="tests.test_rahal_inbound_sync" name="test_disable_events_unlist_package[package.disabled]" time="0.919" /><testcase classname="tests.backend_test.TestAuthSecurity" name="test_me_requires_auth" time="0.255" /><testcase classname="tests.backend_test.TestAuthSecurity" name="test_register_validation_and_duplicate" time="0.969" /><testcase classname="tests.test_rahal_inbound_sync" name="test_activated_relists_package" time="0.750" /><testcase classname="tests.backend_test.TestAuthSecurity" name="test_role_separation" time="1.068" /><testcase classname="tests.test_rahal_inbound_sync" name="test_updated_status_normalization[payload_extra0-unlisted]" time="0.989" /><testcase classname="tests.backend_test.TestAuthSecurity" name="test_logout_clears_cookie" time="0.147" /><testcase classname="tests.test_rahal_inbound_sync" name="test_updated_status_normalization[payload_extra1-unlisted]" time="0.680" /><testcase classname="tests.test_auth_playbook.TestAuthPlaybook" name="test_bcrypt_hash_format" time="0.005" /><testcase classname="tests.test_auth_playbook.TestAuthPlaybook" name="test_login_sets_httponly_cookie" time="0.370" /><testcase classname="tests.test_auth_playbook.TestAuthPlaybook" name="test_cors_allows_credentials_with_explicit_origin" time="0.364" /><testcase classname="tests.test_auth_playbook.TestAuthPlaybook" name="test_brute_force_lockout_after_5_failures" time="3.004" /><testcase classname="tests.test_rahal_inbound_sync" name="test_updated_status_normalization[payload_extra2-unlisted]" time="0.871" /><testcase classname="tests.test_rahal_inbound_sync" name="test_updated_status_normalization[payload_extra3-unlisted]" time="1.041" /><testcase classname="tests.test_rahal_inbound_sync" name="test_updated_status_normalization[payload_extra4-unlisted]" time="0.943" /><testcase classname="tests.test_rahal_inbound_sync" name="test_updated_status_normalization[payload_extra5-unlisted]" time="0.640" /><testcase classname="tests.test_auth_playbook.TestAuthPlaybook" name="test_me_requires_token_and_no_password_hash" time="1.040" /><testcase classname="tests.test_rahal_inbound_sync" name="test_updated_status_normalization[payload_extra6-listed]" time="0.719" /><testcase classname="tests.backend_test.TestPackages" name="test_create_list_filter_search_toggle" time="1.836" /><testcase classname="tests.test_rahal_inbound_sync" name="test_updated_status_normalization[payload_extra7-listed]" time="0.701" /><testcase classname="tests.test_rahal_inbound_sync" name="test_updated_status_normalization[payload_extra8-listed]" time="0.613" /><testcase classname="tests.test_rahal_inbound_sync" name="test_updated_other_fields_do_not_corrupt_status" time="0.495" /><testcase classname="tests.backend_test.TestPackages" name="test_package_not_found_and_bad_id" time="0.380" /><testcase classname="tests.test_rahal_inbound_sync" name="test_updated_unknown_foreign_status_does_not_leak" time="0.329" /><testcase classname="tests.test_rahal_inbound_sync" name="test_inventory_updated" time="0.606" /><testcase classname="tests.backend_test.TestPackages" name="test_other_office_cannot_toggle" time="1.102" /><testcase classname="tests.test_rahal_inbound_sync" name="test_missing_signature_rejected" time="0.462" /><testcase classname="tests.test_rahal_inbound_sync" name="test_invalid_signature_rejected" time="0.281" /><testcase classname="tests.backend_test.TestPackages" name="test_create_package_requires_office" time="0.118" /><testcase classname="tests.test_b2c_individual.TestSmartRegistration" name="test_register_individual" time="0.601" /><testcase classname="tests.test_rahal_inbound_sync" name="test_tampered_body_rejected" time="0.499" /><testcase classname="tests.test_rahal_inbound_sync" name="test_unknown_event_logged_unhandled" time="0.277" /><testcase classname="tests.test_b2c_individual.TestSmartRegistration" name="test_register_individual_missing_name_400" time="0.395" /><testcase classname="tests.test_rahal_inbound_sync" name="test_unknown_ref_handled_gracefully" time="0.298" /><testcase classname="tests.test_rahal_inbound_sync" name="test_end_to_end_share_then_delete" time="69.319" /><testcase classname="tests.test_b2c_individual.TestSmartRegistration" name="test_register_office_missing_office_name_400" time="0.358" /><testcase classname="tests.test_b2c_individual.TestSmartRegistration" name="test_register_office_with_license" time="0.454" /><testcase classname="tests.backend_test.TestBookingLifecycle" name="test_full_lifecycle" time="75.203" /><testcase classname="tests.test_rahal_inbound_sync" name="test_share_requires_api_key" time="0.224" /><testcase classname="tests.test_b2c_money_safety.TestFixAMarketerEscrow" name="test_commission_lands_in_pending_only" time="2.405" /><testcase classname="tests.test_b2c_money_safety.TestFixAMarketerEscrow" name="test_pending_commission_not_spendable" time="6.919" /><testcase classname="tests.backend_test.TestBookingLifecycle" name="test_booking_guards" time="1.987" /><testcase classname="tests.backend_test.TestBookingLifecycle" name="test_third_party_cannot_read_booking" time="6.137" /><testcase classname="tests.test_b2c_money_safety.TestFixAMarketerEscrow" name="test_no_negative_wallet_after_spend_then_blue_cancel" time="2.582" /><testcase classname="tests.test_b2c_money_safety.TestFixAMarketerEscrow" name="test_commission_released_on_settle" time="2.077" /><testcase classname="tests.backend_test.TestWalletFlows" name="test_topup_approve_and_reject" time="1.904" /><testcase classname="tests.backend_test.TestDisputes" name="test_dispute_blocks_settlement_and_release_seller" time="2.643" /><testcase classname="tests.backend_test.TestWalletFlows" name="test_p2p_transfer_requires_approval" time="2.910" /><testcase classname="tests.backend_test.TestDisputes" name="test_dispute_refund_buyer" time="2.329" /><testcase classname="tests.backend_test.TestWalletFlows" name="test_withdrawal_requires_approval" time="1.668" /><testcase classname="tests.backend_test.TestDisputes" name="test_dispute_not_allowed_on_blue" time="1.619" /><testcase classname="tests.backend_test.TestAdmin" name="test_dashboard_fields" time="0.093" /><testcase classname="tests.backend_test.TestAdmin" name="test_suspend_blocks_office_then_activate" time="1.268" /><testcase classname="tests.backend_test.TestRahalIntegration" name="test_status" time="0.155" /><testcase classname="tests.backend_test.TestRahalIntegration" name="test_share_requires_key_and_upserts" time="1.442" /><testcase classname="tests.backend_test.TestAdmin" name="test_admin_endpoints_require_auth" time="1.012" /><testcase classname="tests.backend_test.TestRahalIntegration" name="test_webhook_hmac" time="3.232" /><testcase classname="tests.test_b2c_individual.TestIndividualAuthorization" name="test_individual_cannot_create_or_list_own_packages" time="0.590" /><testcase classname="tests.test_b2c_individual.TestIndividualAuthorization" name="test_office_cannot_become_marketer" time="0.726" /><testcase classname="tests.test_b2c_individual.TestIndividualAuthorization" name="test_individual_blocked_from_admin" time="0.464" /><testcase classname="tests.test_b2c_money_safety.TestFixCNoSelfReferral" name="test_marketer_no_ref_earns_nothing" time="1.513" /><testcase classname="tests.test_b2c_individual.TestB2CBooking" name="test_individual_booking_charges_retail_and_splits_margin" time="2.210" /><testcase classname="tests.test_b2c_money_safety.TestFixCNoSelfReferral" name="test_marketer_own_code_earns_nothing" time="1.746" /><testcase classname="tests.test_b2c_money_safety.TestFixCNoSelfReferral" name="test_different_marketer_ref_earns_commission" time="2.522" /><testcase classname="tests.test_b2c_individual.TestB2CBooking" name="test_affiliate_ref_credits_marketer" time="2.671" /><testcase classname="tests.test_edge_cases.TestCancelStateGuards" name="test_double_refund_on_cancelled_booking" time="1.942" /><testcase classname="tests.test_b2c_individual.TestB2CBooking" name="test_bad_ref_ignored" time="1.474" /><testcase classname="tests.test_edge_cases.TestCancelStateGuards" name="test_double_dispatch_and_double_settle_guards" time="2.184" /><testcase classname="tests.test_fix_verification.TestFix6MalformedIds" name="test_malformed_id_not_500[/packages/not-a-valid-objectid]" time="0.329" /><testcase classname="tests.test_fix_verification.TestFix6MalformedIds" name="test_malformed_id_not_500[/packages/123]" time="0.376" /><testcase classname="tests.test_fix_verification.TestFix6MalformedIds" name="test_malformed_id_not_500[/bookings/not-a-valid-objectid/dispatch]" time="0.538" /><testcase classname="tests.test_b2c_individual.TestIndividualWallet" name="test_wallet_and_topup_flow" time="0.966" /><testcase classname="tests.test_edge_cases.TestCancelStateGuards" name="test_double_dispute_resolution" time="2.403" /><testcase classname="tests.test_b2c_individual.TestIndividualWallet" name="test_insufficient_balance_booking_blocked" time="1.914" /><testcase classname="tests.test_b2c_individual.TestB2CCancellation" name="test_blue_cancel_reverses_margin_and_marketer" time="3.111" /><testcase classname="tests.backend_test.TestCancellations" name="test_blue_cancel_refund_and_seat_release" time="2.183" /><testcase classname="tests.backend_test.TestCancellations" name="test_yellow_cancel_flow" time="2.590" /><testcase classname="tests.test_b2c_individual.TestB2CCancellation" name="test_yellow_cancel_blocked_for_individual" time="1.727" /><testcase classname="tests.test_b2c_individual.TestB2BRegression" name="test_office_booking_lifecycle_and_fees" time="2.591" /><testcase classname="tests.test_b2c_money_safety.TestFixDCancellationFeesRecorded" name="test_blue_cancel_admin_fee_in_platform_revenue" time="1.707" /><testcase classname="tests.test_b2c_money_safety.TestFixDCancellationFeesRecorded" name="test_yellow_cancel_platform_cut_in_platform_revenue" time="1.921" /><testcase classname="tests.test_b2c_individual.TestB2BRegression" name="test_office_blue_cancel_refund" time="1.872" /><testcase classname="tests.test_escrow_conservation.TestEscrowConservation" name="test_dispute_refund_buyer_is_money_neutral" time="2.065" /><testcase classname="tests.test_b2c_money_safety.TestFixEIndividualP2PRecipient" name="test_individual_can_receive_transfer" time="1.674" /><testcase classname="tests.test_escrow_conservation.TestEscrowConservation" name="test_yellow_cancel_accept_conserves_money" time="2.369" /><testcase classname="tests.test_b2c_money_safety.TestFixEIndividualP2PRecipient" name="test_transfer_to_unknown_email_404" time="1.021" /><testcase classname="tests.test_fix_verification.TestFix5DisputeGuards" name="test_duplicate_dispute_rejected" time="1.714" /><testcase classname="tests.test_fix_verification.TestFix4DoubleResolve" name="test_second_resolve_returns_400_and_no_balance_change[refund_buyer]" time="2.513" /><testcase classname="tests.test_fix_verification.TestFix5DisputeGuards" name="test_dispute_after_24h_window_rejected" time="1.733" /><testcase classname="tests.test_b2c_individual.TestPricingVisibility" name="test_pricing_stripped_for_individual_and_guest_shown_for_office" time="1.954" /><testcase classname="tests.test_fix_verification.TestFix4DoubleResolve" name="test_second_resolve_returns_400_and_no_balance_change[release_seller]" time="2.399" /><testcase classname="tests.test_b2c_individual.TestAdminMetrics" name="test_dashboard_new_metrics" time="0.823" /><testcase classname="tests.test_b2c_individual.TestMarketer" name="test_become_marketer_idempotent_and_affiliate_link" time="0.769" /><testcase classname="tests.test_b2c_money_safety.TestRoleGuards" name="test_individual_seller_endpoints_blocked" time="1.909" /><testcase classname="tests.test_b2c_money_safety.TestVisaFilePreservation" name="test_visa_file_kept_and_second_submit_blocked" time="2.233" /><testcase classname="tests.test_fix_verification.TestFix3DoubleCancel" name="test_replay_cancel_request_returns_400_no_refund" time="2.052" /></testsuite></testsuites>