<?xml version="1.0" encoding="utf-8"?><testsuites name="pytest tests"><testsuite name="pytest" errors="0" failures="1" skipped="0" tests="33" time="24.798" timestamp="2026-08-20T12:00:29.166550+00:00" hostname="agent-env-c2e7ffa1-fee7-4e56-adb8-1ff4334b3ae6"><testcase classname="tests.backend_test.TestAuthSecurity" name="test_health" time="0.155" /><testcase classname="tests.backend_test.TestAuthSecurity" name="test_admin_login_sets_httponly_cookie_and_token" time="0.541" /><testcase classname="tests.backend_test.TestPackages" name="test_create_list_filter_search_toggle" time="3.085" /><testcase classname="tests.backend_test.TestAuthSecurity" name="test_bcrypt_hash_format" time="0.006" /><testcase classname="tests.backend_test.TestAuthSecurity" name="test_login_wrong_password_401" time="0.507" /><testcase classname="tests.backend_test.TestAuthSecurity" name="test_brute_force_lockout_after_5_failures" time="2.583"><failure message="AssertionError: no lockout after 5 failed logins; codes=[401, 401, 401, 401, 401, 401]&#10;assert 401 in (423, 429)">self = &lt;backend_test.TestAuthSecurity object at 0xff162fd85c90&gt;

    def test_brute_force_lockout_after_5_failures(self):
        email = f"test_bf_{uuid.uuid4().hex[:6]}@qa-example.com"
        requests.post(f"{API}/auth/register", json={
            "email": email, "password": "Test@1234", "office_name": "TEST_BF",
            "owner_name": "x", "phone": "1", "governorate": "بغداد", "address": "a"})
        codes = []
        for _ in range(6):
            codes.append(requests.post(f"{API}/auth/login",
                                       json={"email": email, "password": "bad"}).status_code)
&gt;       assert codes[-1] in (423, 429), f"no lockout after 5 failed logins; codes={codes}"
E       AssertionError: no lockout after 5 failed logins; codes=[401, 401, 401, 401, 401, 401]
E       assert 401 in (423, 429)

tests/backend_test.py:64: AssertionError</failure></testcase><testcase classname="tests.backend_test.TestPackages" name="test_package_not_found_and_bad_id" time="0.708" /><testcase classname="tests.backend_test.TestPackages" name="test_other_office_cannot_toggle" time="1.257" /><testcase classname="tests.backend_test.TestAuthSecurity" name="test_me_requires_auth" time="0.475" /><testcase classname="tests.backend_test.TestAuthSecurity" name="test_register_validation_and_duplicate" time="1.052" /><testcase classname="tests.backend_test.TestPackages" name="test_create_package_requires_office" time="0.165" /><testcase classname="tests.backend_test.TestBookingLifecycle" name="test_full_lifecycle" time="3.942" /><testcase classname="tests.backend_test.TestAuthSecurity" name="test_role_separation" time="1.267" /><testcase classname="tests.backend_test.TestAuthSecurity" name="test_logout_clears_cookie" time="0.136" /><testcase classname="tests.backend_test.TestDisputes" name="test_dispute_blocks_settlement_and_release_seller" time="2.022" /><testcase classname="tests.backend_test.TestDisputes" name="test_dispute_refund_buyer" time="2.427" /><testcase classname="tests.backend_test.TestBookingLifecycle" name="test_booking_guards" time="2.847" /><testcase classname="tests.backend_test.TestDisputes" name="test_dispute_not_allowed_on_blue" time="1.323" /><testcase classname="tests.backend_test.TestBookingLifecycle" name="test_third_party_cannot_read_booking" time="1.833" /><testcase classname="tests.backend_test.TestWalletFlows" name="test_topup_approve_and_reject" time="2.388" /><testcase classname="tests.backend_test.TestAdmin" name="test_dashboard_fields" time="0.078" /><testcase classname="tests.backend_test.TestAdmin" name="test_suspend_blocks_office_then_activate" time="0.941" /><testcase classname="tests.backend_test.TestAdmin" name="test_admin_endpoints_require_auth" time="1.108" /><testcase classname="tests.backend_test.TestWalletFlows" name="test_p2p_transfer_requires_approval" time="2.399" /><testcase classname="tests.backend_test.TestRahalIntegration" name="test_status" time="0.200" /><testcase classname="tests.backend_test.TestRahalIntegration" name="test_share_requires_key_and_upserts" time="0.835" /><testcase classname="tests.backend_test.TestRahalIntegration" name="test_webhook_hmac" time="2.377" /><testcase classname="tests.backend_test.TestWalletFlows" name="test_withdrawal_requires_approval" time="1.206" /><testcase classname="tests.test_edge_cases.TestCancelStateGuards" name="test_double_refund_on_cancelled_booking" time="1.702" /><testcase classname="tests.backend_test.TestCancellations" name="test_blue_cancel_refund_and_seat_release" time="2.267" /><testcase classname="tests.test_edge_cases.TestCancelStateGuards" name="test_double_dispatch_and_double_settle_guards" time="1.764" /><testcase classname="tests.backend_test.TestCancellations" name="test_yellow_cancel_flow" time="2.297" /><testcase classname="tests.test_edge_cases.TestCancelStateGuards" name="test_double_dispute_resolution" time="2.144" /></testsuite></testsuites>