<?xml version="1.0" encoding="utf-8"?><testsuites name="pytest tests"><testsuite name="pytest" errors="0" failures="0" skipped="0" tests="20" time="3.744" timestamp="2026-08-22T07:52:26.197210+00:00" hostname="agent-env-c2e7ffa1-fee7-4e56-adb8-1ff4334b3ae6"><testcase classname="tests.test_rahal_v2_adapter.TestAuth" name="test_wrong_signature_401" time="0.248" /><testcase classname="tests.test_rahal_v2_adapter.TestAuth" name="test_no_signature_401" time="0.139" /><testcase classname="tests.test_rahal_v2_adapter.TestAuth" name="test_meraaj_signature_header_accepted" time="0.276" /><testcase classname="tests.test_rahal_v2_adapter.TestAuth" name="test_legacy_api_key_accepted" time="0.138" /><testcase classname="tests.test_rahal_v2_adapter.TestShareV2Mapping" name="test_share_v2_maps_all_fields" time="0.796" /><testcase classname="tests.test_rahal_v2_adapter.TestShareV2Mapping" name="test_flat_pricing_derived_from_base_room" time="0.090" /><testcase classname="tests.test_rahal_v2_adapter.TestAuth" name="test_malformed_json_valid_signature_400" time="0.099" /><testcase classname="tests.test_rahal_v2_adapter.TestShareV2Mapping" name="test_legacy_flat_payload_no_regression" time="0.247" /><testcase classname="tests.test_rahal_v2_adapter.TestAuth" name="test_webhook_wrong_signature_401" time="0.127" /><testcase classname="tests.test_rahal_v2_adapter.TestAuth" name="test_webhook_malformed_json_400" time="0.140" /><testcase classname="tests.test_rahal_v2_adapter.TestShareV2Mapping" name="test_image_url_string_accepted" time="0.228" /><testcase classname="tests.test_rahal_v2_adapter.TestShareV2Mapping" name="test_share_same_ref_updates_not_duplicates" time="0.260" /><testcase classname="tests.test_rahal_v2_adapter.TestWebhookUpdate" name="test_package_updated_v2_applies_full_adapter" time="0.602" /><testcase classname="tests.test_rahal_v2_adapter.TestSanitization" name="test_office_sees_full_room_pricing" time="0.101" /><testcase classname="tests.test_rahal_v2_adapter.TestWebhookUpdate" name="test_update_by_rahal_ref_never_creates_duplicate" time="0.318" /><testcase classname="tests.test_rahal_v2_adapter.TestSanitization" name="test_individual_sanitized" time="0.366" /><testcase classname="tests.test_rahal_v2_adapter.TestSanitization" name="test_anonymous_sanitized" time="0.096" /><testcase classname="tests.test_rahal_v2_adapter.TestWebhookUpdate" name="test_update_by_meraaj_package_id" time="0.190" /><testcase classname="tests.test_rahal_v2_adapter.TestSanitization" name="test_market_list_sanitized_for_anonymous" time="0.185" /><testcase classname="tests.test_rahal_v2_adapter.TestWebhookUpdate" name="test_idempotency_same_event_id_applied_once" time="0.371" /></testsuite></testsuites>