<?xml version="1.0" encoding="utf-8"?><testsuites name="pytest tests"><testsuite name="pytest" errors="0" failures="0" skipped="0" tests="27" time="8.221" timestamp="2026-08-22T07:52:37.178182+00:00" hostname="agent-env-c2e7ffa1-fee7-4e56-adb8-1ff4334b3ae6"><testcase classname="tests.test_rahal_webhook_edges" name="test_duplicate_body_log_handled_flag" time="0.328" /><testcase classname="tests.test_rahal_inbound_sync" name="test_disable_events_unlist_package[package.deactivated]" time="0.439" /><testcase classname="tests.test_rahal_webhook_edges" name="test_malformed_json_body" time="0.100" /><testcase classname="tests.test_rahal_webhook_edges" name="test_event_without_package_ref" time="0.146" /><testcase classname="tests.test_rahal_inbound_sync" name="test_disable_events_unlist_package[package.deleted]" time="0.469" /><testcase classname="tests.test_rahal_inbound_sync" name="test_disable_events_unlist_package[package.removed]" time="0.404" /><testcase classname="tests.test_rahal_inbound_sync" name="test_disable_events_unlist_package[package.disabled]" time="0.413" /><testcase classname="tests.test_rahal_inbound_sync" name="test_activated_relists_package" time="0.408" /><testcase classname="tests.test_rahal_inbound_sync" name="test_updated_status_normalization[payload_extra0-unlisted]" time="0.314" /><testcase classname="tests.test_rahal_inbound_sync" name="test_updated_status_normalization[payload_extra1-unlisted]" time="0.301" /><testcase classname="tests.test_rahal_inbound_sync" name="test_updated_status_normalization[payload_extra2-unlisted]" time="0.307" /><testcase classname="tests.test_rahal_inbound_sync" name="test_updated_status_normalization[payload_extra3-unlisted]" time="0.310" /><testcase classname="tests.test_rahal_inbound_sync" name="test_updated_status_normalization[payload_extra4-unlisted]" time="0.312" /><testcase classname="tests.test_rahal_inbound_sync" name="test_updated_status_normalization[payload_extra5-unlisted]" time="0.339" /><testcase classname="tests.test_rahal_inbound_sync" name="test_updated_status_normalization[payload_extra6-listed]" time="0.301" /><testcase classname="tests.test_rahal_inbound_sync" name="test_updated_status_normalization[payload_extra7-listed]" time="0.313" /><testcase classname="tests.test_rahal_inbound_sync" name="test_updated_status_normalization[payload_extra8-listed]" time="0.296" /><testcase classname="tests.test_rahal_inbound_sync" name="test_updated_other_fields_do_not_corrupt_status" time="0.346" /><testcase classname="tests.test_rahal_inbound_sync" name="test_updated_unknown_foreign_status_does_not_leak" time="0.206" /><testcase classname="tests.test_rahal_inbound_sync" name="test_inventory_updated" time="0.298" /><testcase classname="tests.test_rahal_inbound_sync" name="test_missing_signature_rejected" time="0.195" /><testcase classname="tests.test_rahal_inbound_sync" name="test_invalid_signature_rejected" time="0.206" /><testcase classname="tests.test_rahal_inbound_sync" name="test_tampered_body_rejected" time="0.201" /><testcase classname="tests.test_rahal_inbound_sync" name="test_unknown_event_logged_unhandled" time="0.205" /><testcase classname="tests.test_rahal_inbound_sync" name="test_unknown_ref_handled_gracefully" time="0.159" /><testcase classname="tests.test_rahal_inbound_sync" name="test_end_to_end_share_then_delete" time="0.393" /><testcase classname="tests.test_rahal_inbound_sync" name="test_share_requires_api_key" time="0.096" /></testsuite></testsuites>