<?xml version="1.0" encoding="utf-8"?><testsuites name="pytest tests"><testsuite name="pytest" errors="0" failures="0" skipped="0" tests="24" time="14.008" timestamp="2026-08-21T17:11:07.857338+00:00" hostname="agent-env-c2e7ffa1-fee7-4e56-adb8-1ff4334b3ae6"><testcase classname="tests.test_rahal_inbound_sync" name="test_disable_events_unlist_package[package.deactivated]" time="1.468" /><testcase classname="tests.test_rahal_inbound_sync" name="test_disable_events_unlist_package[package.deleted]" time="1.044" /><testcase classname="tests.test_rahal_inbound_sync" name="test_disable_events_unlist_package[package.removed]" time="0.919" /><testcase classname="tests.test_rahal_inbound_sync" name="test_disable_events_unlist_package[package.disabled]" time="0.871" /><testcase classname="tests.test_rahal_inbound_sync" name="test_activated_relists_package" time="0.673" /><testcase classname="tests.test_rahal_inbound_sync" name="test_updated_status_normalization[payload_extra0-unlisted]" time="0.702" /><testcase classname="tests.test_rahal_inbound_sync" name="test_updated_status_normalization[payload_extra1-unlisted]" time="0.574" /><testcase classname="tests.test_rahal_inbound_sync" name="test_updated_status_normalization[payload_extra2-unlisted]" time="0.698" /><testcase classname="tests.test_rahal_inbound_sync" name="test_updated_status_normalization[payload_extra3-unlisted]" time="0.506" /><testcase classname="tests.test_rahal_inbound_sync" name="test_updated_status_normalization[payload_extra4-unlisted]" time="0.481" /><testcase classname="tests.test_rahal_inbound_sync" name="test_updated_status_normalization[payload_extra5-unlisted]" time="0.541" /><testcase classname="tests.test_rahal_inbound_sync" name="test_updated_status_normalization[payload_extra6-listed]" time="0.469" /><testcase classname="tests.test_rahal_inbound_sync" name="test_updated_status_normalization[payload_extra7-listed]" time="0.521" /><testcase classname="tests.test_rahal_inbound_sync" name="test_updated_status_normalization[payload_extra8-listed]" time="0.562" /><testcase classname="tests.test_rahal_inbound_sync" name="test_updated_other_fields_do_not_corrupt_status" time="0.546" /><testcase classname="tests.test_rahal_inbound_sync" name="test_updated_unknown_foreign_status_does_not_leak" time="0.332" /><testcase classname="tests.test_rahal_inbound_sync" name="test_inventory_updated" time="0.571" /><testcase classname="tests.test_rahal_inbound_sync" name="test_missing_signature_rejected" time="0.296" /><testcase classname="tests.test_rahal_inbound_sync" name="test_invalid_signature_rejected" time="0.351" /><testcase classname="tests.test_rahal_inbound_sync" name="test_tampered_body_rejected" time="0.315" /><testcase classname="tests.test_rahal_inbound_sync" name="test_unknown_event_logged_unhandled" time="0.343" /><testcase classname="tests.test_rahal_inbound_sync" name="test_unknown_ref_handled_gracefully" time="0.160" /><testcase classname="tests.test_rahal_inbound_sync" name="test_end_to_end_share_then_delete" time="0.826" /><testcase classname="tests.test_rahal_inbound_sync" name="test_share_requires_api_key" time="0.127" /></testsuite></testsuites>