<?xml version="1.0" encoding="utf-8"?><testsuites name="pytest tests"><testsuite name="pytest" errors="0" failures="0" skipped="0" tests="47" time="77.771" timestamp="2026-08-22T08:32:14.526814+00:00" hostname="agent-env-c2e7ffa1-fee7-4e56-adb8-1ff4334b3ae6"><testcase classname="tests.test_rahal_v2_adapter.TestAuth" name="test_wrong_signature_401" time="0.169" /><testcase classname="tests.test_rahal_inbound_sync" name="test_disable_events_unlist_package[package.deactivated]" time="0.515" /><testcase classname="tests.test_rahal_v2_adapter.TestAuth" name="test_no_signature_401" time="0.147" /><testcase classname="tests.test_rahal_v2_adapter.TestAuth" name="test_meraaj_signature_header_accepted" time="0.109" /><testcase classname="tests.test_rahal_v2_adapter.TestAuth" name="test_legacy_api_key_accepted" time="0.146" /><testcase classname="tests.test_rahal_v2_adapter.TestAuth" name="test_malformed_json_valid_signature_400" time="0.100" /><testcase classname="tests.test_rahal_inbound_sync" name="test_disable_events_unlist_package[package.deleted]" time="0.479" /><testcase classname="tests.test_rahal_v2_adapter.TestAuth" name="test_webhook_wrong_signature_401" time="0.092" /><testcase classname="tests.test_rahal_v2_adapter.TestAuth" name="test_webhook_malformed_json_400" time="0.113" /><testcase classname="tests.test_rahal_v2_adapter.TestShareV2Mapping" name="test_share_v2_maps_all_fields" time="0.491" /><testcase classname="tests.test_rahal_inbound_sync" name="test_disable_events_unlist_package[package.removed]" time="0.643" /><testcase classname="tests.test_rahal_v2_adapter.TestShareV2Mapping" name="test_flat_pricing_derived_from_base_room" time="0.046" /><testcase classname="tests.test_rahal_v2_adapter.TestShareV2Mapping" name="test_legacy_flat_payload_no_regression" time="0.142" /><testcase classname="tests.test_rahal_v2_adapter.TestShareV2Mapping" name="test_image_url_string_accepted" time="0.172" /><testcase classname="tests.test_rahal_v2_adapter.TestShareV2Mapping" name="test_share_same_ref_updates_not_duplicates" time="0.098" /><testcase classname="tests.test_rahal_inbound_sync" name="test_disable_events_unlist_package[package.disabled]" time="0.460" /><testcase classname="tests.test_rahal_v2_adapter.TestWebhookUpdate" name="test_package_updated_v2_applies_full_adapter" time="0.163" /><testcase classname="tests.test_rahal_v2_adapter.TestWebhookUpdate" name="test_update_by_rahal_ref_never_creates_duplicate" time="0.145" /><testcase classname="tests.test_rahal_v2_adapter.TestWebhookUpdate" name="test_update_by_meraaj_package_id" time="0.153" /><testcase classname="tests.test_rahal_inbound_sync" name="test_activated_relists_package" time="0.449" /><testcase classname="tests.test_rahal_v2_adapter.TestWebhookUpdate" name="test_idempotency_same_event_id_applied_once" time="0.244" /><testcase classname="tests.test_rahal_v2_adapter.TestSanitization" name="test_office_sees_full_room_pricing" time="0.047" /><testcase classname="tests.test_rahal_inbound_sync" name="test_updated_status_normalization[payload_extra0-unlisted]" time="0.471" /><testcase classname="tests.test_rahal_v2_adapter.TestSanitization" name="test_individual_sanitized" time="0.511" /><testcase classname="tests.test_rahal_v2_adapter.TestSanitization" name="test_anonymous_sanitized" time="0.100" /><testcase classname="tests.test_rahal_inbound_sync" name="test_updated_status_normalization[payload_extra1-unlisted]" time="0.302" /><testcase classname="tests.test_rahal_v2_adapter.TestSanitization" name="test_market_list_sanitized_for_anonymous" time="0.122" /><testcase classname="tests.test_rahal_webhook_edges" name="test_duplicate_body_log_handled_flag" time="0.305" /><testcase classname="tests.test_rahal_inbound_sync" name="test_updated_status_normalization[payload_extra2-unlisted]" time="0.307" /><testcase classname="tests.test_rahal_webhook_edges" name="test_malformed_json_body" time="0.099" /><testcase classname="tests.test_rahal_webhook_edges" name="test_event_without_package_ref" time="0.096" /><testcase classname="tests.test_rahal_inbound_sync" name="test_updated_status_normalization[payload_extra3-unlisted]" time="0.371" /><testcase classname="tests.test_rahal_inbound_sync" name="test_updated_status_normalization[payload_extra4-unlisted]" time="0.377" /><testcase classname="tests.test_rahal_inbound_sync" name="test_updated_status_normalization[payload_extra5-unlisted]" time="0.331" /><testcase classname="tests.test_rahal_inbound_sync" name="test_updated_status_normalization[payload_extra6-listed]" time="0.306" /><testcase classname="tests.test_rahal_inbound_sync" name="test_updated_status_normalization[payload_extra7-listed]" time="0.332" /><testcase classname="tests.test_rahal_inbound_sync" name="test_updated_status_normalization[payload_extra8-listed]" time="0.387" /><testcase classname="tests.test_rahal_inbound_sync" name="test_updated_other_fields_do_not_corrupt_status" time="0.329" /><testcase classname="tests.test_rahal_inbound_sync" name="test_updated_unknown_foreign_status_does_not_leak" time="0.204" /><testcase classname="tests.test_rahal_inbound_sync" name="test_inventory_updated" time="0.300" /><testcase classname="tests.test_rahal_inbound_sync" name="test_missing_signature_rejected" time="0.207" /><testcase classname="tests.test_rahal_inbound_sync" name="test_invalid_signature_rejected" time="0.207" /><testcase classname="tests.test_rahal_inbound_sync" name="test_tampered_body_rejected" time="0.204" /><testcase classname="tests.test_rahal_inbound_sync" name="test_unknown_event_logged_unhandled" time="68.434" /><testcase classname="tests.test_rahal_inbound_sync" name="test_unknown_ref_handled_gracefully" time="0.252" /><testcase classname="tests.test_rahal_inbound_sync" name="test_end_to_end_share_then_delete" time="0.658" /><testcase classname="tests.test_rahal_inbound_sync" name="test_share_requires_api_key" time="0.206" /></testsuite></testsuites>