<?xml version="1.0" encoding="utf-8"?><testsuites name="pytest tests"><testsuite name="pytest" errors="0" failures="1" skipped="0" tests="349" time="173.154" timestamp="2026-09-03T08:58:20.455624+00:00" hostname="agent-env-c2e7ffa1-fee7-4e56-adb8-1ff4334b3ae6"><testcase classname="tests.test_admin_enterprise_b1.TestAuthorization" name="test_anonymous_blocked" time="0.268" /><testcase classname="tests.test_admin_enterprise_b1.TestAuthorization" name="test_office_token_blocked" time="0.587" /><testcase classname="tests.test_admin_enterprise_b1.TestAuthorization" name="test_office_blocked_on_mutations" time="0.774" /><testcase classname="tests.test_admin_enterprise_b1.TestAnalytics" name="test_analytics_default" time="0.181" /><testcase classname="tests.test_admin_enterprise_b1.TestAnalytics" name="test_analytics_periods[day]" time="0.162" /><testcase classname="tests.test_admin_enterprise_b1.TestAnalytics" name="test_analytics_periods[week]" time="0.165" /><testcase classname="tests.test_admin_enterprise_b1.TestAnalytics" name="test_analytics_periods[month]" time="0.135" /><testcase classname="tests.test_admin_enterprise_b1.TestAnalytics" name="test_analytics_periods[year]" time="0.199" /><testcase classname="tests.test_admin_enterprise_b1.TestAnalytics" name="test_analytics_custom_range_and_currency" time="0.123" /><testcase classname="tests.test_admin_enterprise_b1.TestAnalytics" name="test_analytics_status_filter_consistency" time="0.351" /><testcase classname="tests.test_admin_enterprise_b1.TestAnalytics" name="test_attention_queue" time="0.090" /><testcase classname="tests.test_admin_enterprise_b1.TestOrdersCenter" name="test_list_shape_and_no_objectid" time="0.119" /><testcase classname="tests.test_admin_enterprise_b1.TestOrdersCenter" name="test_pagination" time="0.278" /><testcase classname="tests.test_admin_enterprise_b1.TestOrdersCenter" name="test_status_filter[blue]" time="0.150" /><testcase classname="tests.test_admin_enterprise_b1.TestOrdersCenter" name="test_status_filter[yellow]" time="0.151" /><testcase classname="tests.test_admin_enterprise_b1.TestOrdersCenter" name="test_status_filter[green]" time="0.144" /><testcase classname="tests.test_admin_enterprise_b1.TestOrdersCenter" name="test_status_filter[cancelled]" time="0.145" /><testcase classname="tests.test_admin_enterprise_b1.TestOrdersCenter" name="test_currency_filter[SAR]" time="0.152" /><testcase classname="tests.test_admin_enterprise_b1.TestOrdersCenter" name="test_currency_filter[USD]" time="0.142" /><testcase classname="tests.test_admin_enterprise_b1.TestOrdersCenter" name="test_approval_filter" time="0.087" /><testcase classname="tests.test_admin_enterprise_b1.TestOrdersCenter" name="test_source_filter[rahal]" time="0.147" /><testcase classname="tests.test_admin_enterprise_b1.TestOrdersCenter" name="test_source_filter[meraaj]" time="0.137" /><testcase classname="tests.test_admin_enterprise_b1.TestOrdersCenter" name="test_sorts[newest]" time="0.131" /><testcase classname="tests.test_admin_enterprise_b1.TestOrdersCenter" name="test_sorts[oldest]" time="0.091" /><testcase classname="tests.test_admin_enterprise_b1.TestOrdersCenter" name="test_sorts[amount_desc]" time="0.126" /><testcase classname="tests.test_admin_enterprise_b1.TestOrdersCenter" name="test_sorts[amount_asc]" time="0.089" /><testcase classname="tests.test_admin_enterprise_b1.TestOrdersCenter" name="test_sorts[departure_asc]" time="0.098" /><testcase classname="tests.test_admin_enterprise_b1.TestOrdersCenter" name="test_search_by_package_title" time="0.252" /><testcase classname="tests.test_admin_enterprise_b1.TestOrdersCenter" name="test_search_by_id" time="0.254" /><testcase classname="tests.test_admin_enterprise_b1.TestOrdersCenter" name="test_date_filters" time="0.144" /><testcase classname="tests.test_admin_enterprise_b1.TestOrdersCenter" name="test_attention_flag_filter" time="0.143" /><testcase classname="tests.test_admin_enterprise_b1.TestOrdersCenter" name="test_limit_cap" time="0.097" /><testcase classname="tests.test_admin_enterprise_b1.TestOrdersCenter" name="test_invalid_id_search_does_not_500" time="0.087" /><testcase classname="tests.test_admin_enterprise_b1.TestOrderDetail" name="test_full_detail" time="0.271" /><testcase classname="tests.test_admin_enterprise_b1.TestOrderDetail" name="test_full_detail_404" time="0.090" /><testcase classname="tests.test_admin_enterprise_b1.TestOrderDetail" name="test_note_is_internal_only" time="1.473" /><testcase classname="tests.test_admin_enterprise_b1.TestOrderDetail" name="test_note_validation" time="0.090" /><testcase classname="tests.test_admin_enterprise_b1.TestOrderDetail" name="test_task_lifecycle" time="0.625" /><testcase classname="tests.test_admin_enterprise_b1.TestOrderDetail" name="test_escalation_is_oversight_only" time="0.610" /><testcase classname="tests.test_admin_enterprise_b1.TestOrderDetail" name="test_escalate_requires_reason" time="0.089" /><testcase classname="tests.test_admin_enterprise_b1.TestRegressionRahal" name="test_sso_exchange_no_duplicate_user" time="0.228" /><testcase classname="tests.test_admin_enterprise_b1.TestRegressionRahal" name="test_sso_bad_secret_rejected" time="0.122" /><testcase classname="tests.test_admin_enterprise_b1.TestRegressionRahal" name="test_sso_expired_rejected" time="0.122" /><testcase classname="tests.test_admin_enterprise_b1.TestRegressionRahal" name="test_webhook_hmac_enforced" time="0.402" /><testcase classname="tests.test_admin_enterprise_b1.TestRegressionOffice" name="test_seller_dashboard_and_packages" time="0.160" /><testcase classname="tests.test_admin_enterprise_b1.TestRegressionOffice" name="test_wallet_dual_currency" time="0.050" /><testcase classname="tests.test_admin_enterprise_b1.TestRegressionOffice" name="test_market_browsing_with_filters" time="0.166" /><testcase classname="tests.test_admin_enterprise_b1.TestRegressionOffice" name="test_bookings_list" time="0.052" /><testcase classname="tests.test_admin_enterprise_b1.TestRegressionAdminPages" name="test_existing_admin_endpoints" time="0.949" /><testcase classname="tests.test_admin_enterprise_b2.TestAuthorizationB2" name="test_anonymous_blocked" time="1.363" /><testcase classname="tests.test_admin_enterprise_b2.TestAuthorizationB2" name="test_office_token_blocked" time="2.579" /><testcase classname="tests.test_admin_enterprise_b2.TestCommissionEngine" name="test_00_no_active_rules_precondition" time="0.509" /><testcase classname="tests.test_admin_enterprise_b2.TestCommissionEngine" name="test_01_default_commission_preserved" time="1.946" /><testcase classname="tests.test_admin_enterprise_b2.TestCommissionEngine" name="test_02_create_rule_validation" time="0.170" /><testcase classname="tests.test_admin_enterprise_b2.TestCommissionEngine" name="test_03_create_rule_and_apply" time="1.932" /><testcase classname="tests.test_admin_enterprise_b2.TestCommissionEngine" name="test_04_priority_higher_wins" time="0.155" /><testcase classname="tests.test_admin_enterprise_b2.TestCommissionEngine" name="test_05_preview" time="0.113" /><testcase classname="tests.test_admin_enterprise_b2.TestCommissionEngine" name="test_06_historic_immutability" time="0.128" /><testcase classname="tests.test_admin_enterprise_b2.TestCommissionEngine" name="test_07_delete_deactivates" time="0.168" /><testcase classname="tests.test_admin_enterprise_b2.TestCommissionEngine" name="test_08_events_recorded" time="0.059" /><testcase classname="tests.test_admin_enterprise_b2.TestCommissionEngine" name="test_09_default_restored_after_deactivation" time="0.090" /><testcase classname="tests.test_admin_enterprise_b2.TestCommissionOverride" name="test_override_applies_and_moves_money" time="0.994" /><testcase classname="tests.test_admin_enterprise_b2.TestCommissionOverride" name="test_override_short_reason_rejected" time="0.055" /><testcase classname="tests.test_admin_enterprise_b2.TestCommissionOverride" name="test_override_no_diff_rejected" time="0.054" /><testcase classname="tests.test_admin_enterprise_b2.TestCommissionOverride" name="test_override_insufficient_balance_rejected" time="0.230" /><testcase classname="tests.test_admin_enterprise_b2.TestCommissionOverride" name="test_override_b2c_rejected" time="0.216" /><testcase classname="tests.test_admin_enterprise_b2.TestCommissionOverride" name="test_override_cancelled_or_settled_rejected" time="0.145" /><testcase classname="tests.test_admin_enterprise_b2.TestCreditControl" name="test_01_no_limit_rejects_and_no_negative" time="0.586" /><testcase classname="tests.test_admin_enterprise_b2.TestCreditControl" name="test_02_set_limit" time="0.073" /><testcase classname="tests.test_admin_enterprise_b2.TestCreditControl" name="test_03_booking_within_limit_succeeds" time="0.113" /><testcase classname="tests.test_admin_enterprise_b2.TestCreditControl" name="test_04_credit_list_exposure" time="0.093" /><testcase classname="tests.test_admin_enterprise_b2.TestCreditControl" name="test_05_beyond_limit_rejected" time="0.166" /><testcase classname="tests.test_admin_enterprise_b2.TestCreditControl" name="test_06_lower_limit_below_debt_rejected" time="0.053" /><testcase classname="tests.test_admin_enterprise_b2.TestCreditControl" name="test_07_freeze_blocks_booking" time="0.166" /><testcase classname="tests.test_admin_enterprise_b2.TestCreditControl" name="test_08_topup_reduces_debt" time="0.226" /><testcase classname="tests.test_admin_enterprise_b2.TestCreditControl" name="test_09_credit_events_audited" time="0.222" /><testcase classname="tests.test_admin_enterprise_b2.TestLedger" name="test_ledger_basic" time="0.061" /><testcase classname="tests.test_admin_enterprise_b2.TestLedger" name="test_pagination" time="0.121" /><testcase classname="tests.test_admin_enterprise_b2.TestLedger" name="test_filters" time="0.362" /><testcase classname="tests.test_admin_enterprise_b2.TestLedger" name="test_export_csv" time="0.126" /><testcase classname="tests.test_admin_enterprise_b2.TestLedger" name="test_voucher_kinds" time="0.252" /><testcase classname="tests.test_admin_enterprise_b2.TestLedger" name="test_reconciliation" time="0.076" /><testcase classname="tests.test_admin_enterprise_b2.TestWithdrawalStages" name="test_01_queue_shape_and_legacy_mapping" time="0.659" /><testcase classname="tests.test_admin_enterprise_b2.TestWithdrawalStages" name="test_02_invalid_and_guarded_stages" time="0.163" /><testcase classname="tests.test_admin_enterprise_b2.TestWithdrawalStages" name="test_03_forward_stages_no_money_movement" time="0.326" /><testcase classname="tests.test_admin_enterprise_b2.TestWithdrawalStages" name="test_04_backwards_rejected" time="0.054" /><testcase classname="tests.test_admin_enterprise_b2.TestWithdrawalStages" name="test_05_review_debits_then_executed_allowed" time="0.330" /><testcase classname="tests.test_admin_enterprise_b2.TestWithdrawalStages" name="test_06_receipt_then_close" time="0.359" /><testcase classname="tests.test_admin_enterprise_b2.TestWithdrawalStages" name="test_07_short_receipt_url_rejected" time="0.054" /><testcase classname="tests.test_admin_enterprise_b2.TestWithdrawalStages" name="test_08_unknown_ids_404" time="0.167" /><testcase classname="tests.test_admin_enterprise_b2.TestRegression" name="test_rahal_sso_no_duplicate" time="0.257" /><testcase classname="tests.test_admin_enterprise_b2.TestRegression" name="test_inbound_webhook_hmac" time="0.243" /><testcase classname="tests.test_admin_enterprise_b2.TestRegression" name="test_office_login_market_wallet" time="0.180" /><testcase classname="tests.test_admin_enterprise_b2.TestRegression" name="test_booking_lifecycle_intact" time="0.881" /><testcase classname="tests.test_admin_enterprise_b2.TestRegression" name="test_admin_pages_load" time="0.388" /><testcase classname="tests.test_admin_enterprise_b345.TestAuthorization" name="test_get_anonymous_401[/admin/integrations/health]" time="0.141" /><testcase classname="tests.test_admin_enterprise_b345.TestAuthorization" name="test_get_anonymous_401[/admin/integrations/outbox]" time="0.069" /><testcase classname="tests.test_admin_enterprise_b345.TestAuthorization" name="test_get_anonymous_401[/admin/programs]" time="0.066" /><testcase classname="tests.test_admin_enterprise_b345.TestAuthorization" name="test_get_anonymous_401[/admin/travelers]" time="0.075" /><testcase classname="tests.test_admin_enterprise_b345.TestAuthorization" name="test_get_anonymous_401[/admin/documents]" time="0.069" /><testcase classname="tests.test_admin_enterprise_b345.TestAuthorization" name="test_get_anonymous_401[/admin/passport-alerts]" time="0.068" /><testcase classname="tests.test_admin_enterprise_b345.TestAuthorization" name="test_get_anonymous_401[/admin/rbac/catalog]" time="0.068" /><testcase classname="tests.test_admin_enterprise_b345.TestAuthorization" name="test_get_anonymous_401[/admin/rbac/users]" time="0.071" /><testcase classname="tests.test_admin_enterprise_b345.TestAuthorization" name="test_get_anonymous_401[/admin/approvals]" time="0.068" /><testcase classname="tests.test_admin_enterprise_b345.TestAuthorization" name="test_get_anonymous_401[/admin/sessions]" time="0.068" /><testcase classname="tests.test_admin_enterprise_b345.TestAuthorization" name="test_get_anonymous_401[/admin/login-history]" time="0.074" /><testcase classname="tests.test_admin_enterprise_b345.TestAuthorization" name="test_get_anonymous_401[/admin/reports]" time="0.071" /><testcase classname="tests.test_admin_enterprise_b345.TestAuthorization" name="test_get_anonymous_401[/admin/audit]" time="0.067" /><testcase classname="tests.test_admin_enterprise_b345.TestAuthorization" name="test_get_anonymous_401[/admin/anomalies]" time="0.068" /><testcase classname="tests.test_admin_enterprise_b345.TestAuthorization" name="test_get_anonymous_401[/admin/settings]" time="0.073" /><testcase classname="tests.test_admin_enterprise_b345.TestAuthorization" name="test_get_anonymous_401[/admin/system/health]" time="0.076" /><testcase classname="tests.test_admin_enterprise_b345.TestAuthorization" name="test_get_anonymous_401[/admin/backups]" time="0.070" /><testcase classname="tests.test_admin_enterprise_b345.TestAuthorization" name="test_get_anonymous_401[/admin/orgs]" time="0.069" /><testcase classname="tests.test_admin_enterprise_b345.TestAuthorization" name="test_get_anonymous_401[/admin/tasks]" time="0.067" /><testcase classname="tests.test_admin_enterprise_b345.TestAuthorization" name="test_get_anonymous_401[/admin/notification-templates]" time="0.072" /><testcase classname="tests.test_admin_enterprise_b345.TestAuthorization" name="test_get_anonymous_401[/admin/notification-log]" time="0.073" /><testcase classname="tests.test_admin_enterprise_b345.TestAuthorization" name="test_get_office_403[/admin/integrations/health]" time="0.531" /><testcase classname="tests.test_admin_enterprise_b345.TestAuthorization" name="test_get_office_403[/admin/integrations/outbox]" time="0.078" /><testcase classname="tests.test_admin_enterprise_b345.TestAuthorization" name="test_get_office_403[/admin/programs]" time="0.077" /><testcase classname="tests.test_admin_enterprise_b345.TestAuthorization" name="test_get_office_403[/admin/travelers]" time="0.079" /><testcase classname="tests.test_admin_enterprise_b345.TestAuthorization" name="test_get_office_403[/admin/documents]" time="0.078" /><testcase classname="tests.test_admin_enterprise_b345.TestAuthorization" name="test_get_office_403[/admin/passport-alerts]" time="0.099" /><testcase classname="tests.test_admin_enterprise_b345.TestAuthorization" name="test_get_office_403[/admin/rbac/catalog]" time="0.080" /><testcase classname="tests.test_admin_enterprise_b345.TestAuthorization" name="test_get_office_403[/admin/rbac/users]" time="0.075" /><testcase classname="tests.test_admin_enterprise_b345.TestAuthorization" name="test_get_office_403[/admin/approvals]" time="0.145" /><testcase classname="tests.test_admin_enterprise_b345.TestAuthorization" name="test_get_office_403[/admin/sessions]" time="0.079" /><testcase classname="tests.test_admin_enterprise_b345.TestAuthorization" name="test_get_office_403[/admin/login-history]" time="0.076" /><testcase classname="tests.test_admin_enterprise_b345.TestAuthorization" name="test_get_office_403[/admin/reports]" time="0.077" /><testcase classname="tests.test_admin_enterprise_b345.TestAuthorization" name="test_get_office_403[/admin/audit]" time="0.077" /><testcase classname="tests.test_admin_enterprise_b345.TestAuthorization" name="test_get_office_403[/admin/anomalies]" time="0.078" /><testcase classname="tests.test_admin_enterprise_b345.TestAuthorization" name="test_get_office_403[/admin/settings]" time="0.079" /><testcase classname="tests.test_admin_enterprise_b345.TestAuthorization" name="test_get_office_403[/admin/system/health]" time="0.078" /><testcase classname="tests.test_admin_enterprise_b345.TestAuthorization" name="test_get_office_403[/admin/backups]" time="0.078" /><testcase classname="tests.test_admin_enterprise_b345.TestAuthorization" name="test_get_office_403[/admin/orgs]" time="0.074" /><testcase classname="tests.test_admin_enterprise_b345.TestAuthorization" name="test_get_office_403[/admin/tasks]" time="0.074" /><testcase classname="tests.test_admin_enterprise_b345.TestAuthorization" name="test_get_office_403[/admin/notification-templates]" time="0.077" /><testcase classname="tests.test_admin_enterprise_b345.TestAuthorization" name="test_get_office_403[/admin/notification-log]" time="0.075" /><testcase classname="tests.test_admin_enterprise_b345.TestAuthorization" name="test_post_guards[/admin/integrations/outbox/retry-all-body0]" time="0.143" /><testcase classname="tests.test_admin_enterprise_b345.TestAuthorization" name="test_post_guards[/admin/notifications/scan-body1]" time="0.147" /><testcase classname="tests.test_admin_enterprise_b345.TestAuthorization" name="test_post_guards[/admin/reports/run-body2]" time="0.149" /><testcase classname="tests.test_admin_enterprise_b345.TestAuthorization" name="test_post_guards[/admin/reports/export-body3]" time="0.145" /><testcase classname="tests.test_admin_enterprise_b345.TestAuthorization" name="test_post_guards[/admin/settings-body4]" time="0.146" /><testcase classname="tests.test_admin_enterprise_b345.TestAuthorization" name="test_post_guards[/admin/rbac/dual-control-body5]" time="0.145" /><testcase classname="tests.test_admin_enterprise_b345.TestAuthorization" name="test_post_guards[/admin/approvals-body6]" time="0.146" /><testcase classname="tests.test_admin_enterprise_b345.TestAuthorization" name="test_post_guards[/admin/reconciliation/adjust-body7]" time="0.149" /><testcase classname="tests.test_admin_enterprise_b345.TestAuthorization" name="test_post_guards[/admin/backups/run-body8]" time="0.148" /><testcase classname="tests.test_admin_enterprise_b345.TestAuthorization" name="test_post_guards[/admin/backups/restore-body9]" time="0.145" /><testcase classname="tests.test_admin_enterprise_b345.TestAuthorization" name="test_notifications_are_per_user" time="0.152" /><testcase classname="tests.test_admin_enterprise_b345.TestBatch12Fixes" name="test_analytics_counts_check_and_awaiting_seller" time="0.611" /><testcase classname="tests.test_admin_enterprise_b345.TestBatch12Fixes" name="test_credit_office_only_and_pagination" time="0.213" /><testcase classname="tests.test_admin_enterprise_b345.TestBatch12Fixes" name="test_credit_search_bypasses_only_exposed" time="0.232" /><testcase classname="tests.test_admin_enterprise_b345.TestBatch12Fixes" name="test_credit_limit_unique_index" time="0.002" /><testcase classname="tests.test_admin_enterprise_b345.TestBatch12Fixes" name="test_default_commission_rules_seeded" time="0.103" /><testcase classname="tests.test_admin_enterprise_b345.TestIntegrationHealth" name="test_health_groups_failures" time="0.081" /><testcase classname="tests.test_admin_enterprise_b345.TestIntegrationHealth" name="test_outbox_list" time="0.062" /><testcase classname="tests.test_admin_enterprise_b345.TestIntegrationHealth" name="test_retry_requires_reason_and_audits" time="0.598" /><testcase classname="tests.test_admin_enterprise_b345.TestIntegrationHealth" name="test_retry_unknown_id_404" time="0.062" /><testcase classname="tests.test_admin_enterprise_b345.TestIntegrationHealth" name="test_retry_all" time="0.503" /><testcase classname="tests.test_admin_enterprise_b345.TestReconciliation" name="test_dry_run_writes_nothing" time="0.273" /><testcase classname="tests.test_admin_enterprise_b345.TestReconciliation" name="test_real_entry_is_ledger_only_and_single" time="0.066" /><testcase classname="tests.test_admin_enterprise_b345.TestReconciliation" name="test_adjust_all_dry_run" time="1.002" /><testcase classname="tests.test_admin_enterprise_b345.TestReconciliation" name="test_bad_currency" time="0.101" /><testcase classname="tests.test_admin_enterprise_b345.TestWithdrawalStages" name="test_stage_catalog_is_six_with_arabic_labels" time="0.058" /><testcase classname="tests.test_admin_enterprise_b345.TestWithdrawalStages" name="test_forward_stages_never_move_money" time="0.794" /><testcase classname="tests.test_admin_enterprise_b345.TestWithdrawalStages" name="test_cannot_go_backwards" time="0.051" /><testcase classname="tests.test_admin_enterprise_b345.TestWithdrawalStages" name="test_executed_blocked_before_financial_approval" time="0.048" /><testcase classname="tests.test_admin_enterprise_b345.TestWithdrawalStages" name="test_closed_blocked_before_receipt" time="0.306" /><testcase classname="tests.test_admin_enterprise_b345.TestWithdrawalStages" name="test_invalid_stage_rejected" time="0.058" /><testcase classname="tests.test_admin_enterprise_b345.TestBookingLifecycleAndNotify" name="test_booking_charges_net_plus_10pct_with_snapshot" time="1.107" /><testcase classname="tests.test_admin_enterprise_b345.TestBookingLifecycleAndNotify" name="test_seller_approve_moves_money_and_notifies_buyer" time="1.367" /><testcase classname="tests.test_admin_enterprise_b345.TestBookingLifecycleAndNotify" name="test_reject_notifies_buyer" time="1.206" /><testcase classname="tests.test_admin_enterprise_b345.TestBookingLifecycleAndNotify" name="test_mark_notification_read" time="0.168" /><testcase classname="tests.test_admin_enterprise_b345.TestDocumentLimits" name="test_oversized_file_rejected" time="0.809" /><testcase classname="tests.test_admin_enterprise_b345.TestDocumentLimits" name="test_batch_limit_rejected" time="0.056" /><testcase classname="tests.test_admin_enterprise_b345.TestDocumentLimits" name="test_small_upload_then_admin_delete_requires_reason" time="0.215" /><testcase classname="tests.test_admin_enterprise_b345.TestPrograms" name="test_list_filters_and_seats" time="0.053" /><testcase classname="tests.test_admin_enterprise_b345.TestPrograms" name="test_list_pagination_and_currency_filter" time="0.305" /><testcase classname="tests.test_admin_enterprise_b345.TestPrograms" name="test_detail_has_events_and_bookings" time="0.102" /><testcase classname="tests.test_admin_enterprise_b345.TestPrograms" name="test_patch_requires_reason_and_rejects_unknown_fields" time="0.146" /><testcase classname="tests.test_admin_enterprise_b345.TestPrograms" name="test_patch_cannot_reduce_seats_below_sold" time="0.053" /><testcase classname="tests.test_admin_enterprise_b345.TestPrograms" name="test_patch_applies_and_logs_event" time="0.054" /><testcase classname="tests.test_admin_enterprise_b345.TestPrograms" name="test_state_transitions" time="0.247" /><testcase classname="tests.test_admin_enterprise_b345.TestPrograms" name="test_extend_and_images" time="0.252" /><testcase classname="tests.test_admin_enterprise_b345.TestTravelers" name="test_travelers_list" time="0.072" /><testcase classname="tests.test_admin_enterprise_b345.TestTravelers" name="test_travelers_filters" time="0.235" /><testcase classname="tests.test_admin_enterprise_b345.TestTravelers" name="test_documents_and_passport_alerts" time="0.104" /><testcase classname="tests.test_admin_enterprise_b345.TestRBAC" name="test_catalog" time="0.051" /><testcase classname="tests.test_admin_enterprise_b345.TestRBAC" name="test_super_admin_resolves_star" time="0.050" /><testcase classname="tests.test_admin_enterprise_b345.TestRBAC" name="test_rbac_users_listing" time="0.052" /><testcase classname="tests.test_admin_enterprise_b345.TestRBAC" name="test_assign_roles" time="1.047" /><testcase classname="tests.test_admin_enterprise_b345.TestRBAC" name="test_dual_control_settings" time="0.248" /><testcase classname="tests.test_admin_enterprise_b345.TestMakerChecker" name="test_maker_cannot_check" time="0.785" /><testcase classname="tests.test_admin_enterprise_b345.TestMakerChecker" name="test_reject_path" time="0.123" /><testcase classname="tests.test_admin_enterprise_b345.TestSessionsAndAccountControl" name="test_sessions_recorded_with_ip_and_ua" time="0.759" /><testcase classname="tests.test_admin_enterprise_b345.TestSessionsAndAccountControl" name="test_login_history" time="0.220" /><testcase classname="tests.test_admin_enterprise_b345.TestSessionsAndAccountControl" name="test_force_logout_invalidates_existing_token" time="2.517" /><testcase classname="tests.test_admin_enterprise_b345.TestSessionsAndAccountControl" name="test_suspend_and_super_admin_protection" time="0.829" /><testcase classname="tests.test_admin_enterprise_b345.TestSessionsAndAccountControl" name="test_2fa_setup_and_verify" time="0.683" /><testcase classname="tests.test_admin_enterprise_b345.TestNotificationCenter" name="test_scan_is_idempotent_same_day" time="1.230" /><testcase classname="tests.test_admin_enterprise_b345.TestNotificationCenter" name="test_templates_crud" time="0.216" /><testcase classname="tests.test_admin_enterprise_b345.TestNotificationCenter" name="test_notification_log_stats" time="0.106" /><testcase classname="tests.test_admin_enterprise_b345.TestNotificationCenter" name="test_tasks_center" time="0.051" /><testcase classname="tests.test_admin_enterprise_b345.TestReports" name="test_catalog" time="0.051" /><testcase classname="tests.test_admin_enterprise_b345.TestReports" name="test_run_every_report[sales]" time="0.084" /><testcase classname="tests.test_admin_enterprise_b345.TestReports" name="test_run_every_report[profit]" time="0.061" /><testcase classname="tests.test_admin_enterprise_b345.TestReports" name="test_run_every_report[wallets]" time="0.062" /><testcase classname="tests.test_admin_enterprise_b345.TestReports" name="test_run_every_report[credit]" time="0.054" /><testcase classname="tests.test_admin_enterprise_b345.TestReports" name="test_run_every_report[programs]" time="0.236" /><testcase classname="tests.test_admin_enterprise_b345.TestReports" name="test_run_every_report[travelers]" time="0.058" /><testcase classname="tests.test_admin_enterprise_b345.TestReports" name="test_run_every_report[cancellations]" time="0.056" /><testcase classname="tests.test_admin_enterprise_b345.TestReports" name="test_run_every_report[withdrawals]" time="0.050" /><testcase classname="tests.test_admin_enterprise_b345.TestReports" name="test_run_every_report[offices]" time="3.665" /><testcase classname="tests.test_admin_enterprise_b345.TestReports" name="test_run_every_report[users]" time="1.091" /><testcase classname="tests.test_admin_enterprise_b345.TestReports" name="test_run_every_report[audit]" time="0.056" /><testcase classname="tests.test_admin_enterprise_b345.TestReports" name="test_run_every_report[escrow]" time="0.063" /><testcase classname="tests.test_admin_enterprise_b345.TestReports" name="test_run_every_report[fx]" time="0.063" /><testcase classname="tests.test_admin_enterprise_b345.TestReports" name="test_run_unknown_report" time="0.048" /><testcase classname="tests.test_admin_enterprise_b345.TestReports" name="test_export_csv_bom" time="0.052" /><testcase classname="tests.test_admin_enterprise_b345.TestReports" name="test_filters_applied" time="0.110" /><testcase classname="tests.test_admin_enterprise_b345.TestReports" name="test_save_report" time="0.100" /><testcase classname="tests.test_admin_enterprise_b345.TestAuditAnomalies" name="test_audit_merges_sources" time="0.064" /><testcase classname="tests.test_admin_enterprise_b345.TestAuditAnomalies" name="test_audit_filters" time="0.156" /><testcase classname="tests.test_admin_enterprise_b345.TestAuditAnomalies" name="test_anomalies" time="0.106" /><testcase classname="tests.test_admin_enterprise_b345.TestSettingsHealthBackup" name="test_settings_sections" time="0.051" /><testcase classname="tests.test_admin_enterprise_b345.TestSettingsHealthBackup" name="test_unknown_section_rejected" time="0.096" /><testcase classname="tests.test_admin_enterprise_b345.TestSettingsHealthBackup" name="test_settings_change_audited_and_restored" time="0.253" /><testcase classname="tests.test_admin_enterprise_b345.TestSettingsHealthBackup" name="test_system_health" time="0.056" /><testcase classname="tests.test_admin_enterprise_b345.TestSettingsHealthBackup" name="test_backup_run_and_retention" time="0.438" /><testcase classname="tests.test_admin_enterprise_b345.TestSettingsHealthBackup" name="test_restore_refused" time="0.156" /><testcase classname="tests.test_admin_enterprise_b345.TestRegressionPages" name="test_admin_endpoint_ok[/admin/analytics]" time="0.105" /><testcase classname="tests.test_admin_enterprise_b345.TestRegressionPages" name="test_admin_endpoint_ok[/admin/bookings]" time="0.055" /><testcase classname="tests.test_admin_enterprise_b345.TestRegressionPages" name="test_admin_endpoint_ok[/admin/cancellations]" time="0.052" /><testcase classname="tests.test_admin_enterprise_b345.TestRegressionPages" name="test_admin_endpoint_ok[/admin/disputes]" time="0.059" /><testcase classname="tests.test_admin_enterprise_b345.TestRegressionPages" name="test_admin_endpoint_ok[/admin/offices]" time="0.104" /><testcase classname="tests.test_admin_enterprise_b345.TestRegressionPages" name="test_admin_endpoint_ok[/admin/topups]" time="0.051" /><testcase classname="tests.test_admin_enterprise_b345.TestRegressionPages" name="test_admin_endpoint_ok[/admin/transfers]" time="0.049" /><testcase classname="tests.test_admin_enterprise_b345.TestRegressionPages" name="test_admin_endpoint_ok[/admin/withdrawals]" time="0.048" /><testcase classname="tests.test_admin_enterprise_b345.TestRegressionPages" name="test_admin_endpoint_ok[/admin/ledger]" time="0.063" /><testcase classname="tests.test_admin_enterprise_b345.TestRegressionPages" name="test_admin_endpoint_ok[/admin/reconciliation]" time="0.085" /><testcase classname="tests.test_admin_enterprise_b345.TestRegressionPages" name="test_admin_endpoint_ok[/admin/commission-rules]" time="0.051" /><testcase classname="tests.test_admin_enterprise_b345.TestRegressionPages" name="test_admin_endpoint_ok[/admin/credit]" time="0.064" /><testcase classname="tests.test_admin_enterprise_b345.TestRegressionPages" name="test_admin_endpoint_ok[/admin/withdrawals/queue]" time="0.057" /><testcase classname="tests.test_admin_enterprise_b345.TestRegressionPages" name="test_admin_endpoint_ok[/admin/credit-events]" time="0.052" /><testcase classname="tests.test_admin_enterprise_b345.TestRegressionPages" name="test_admin_endpoint_ok[/admin/commission-events]" time="0.054" /><testcase classname="tests.test_admin_enterprise_b345.TestRegressionPages" name="test_office_endpoint_ok[/packages-params0]" time="0.115" /><testcase classname="tests.test_admin_enterprise_b345.TestRegressionPages" name="test_office_endpoint_ok[/packages/mine-params1]" time="0.075" /><testcase classname="tests.test_admin_enterprise_b345.TestRegressionPages" name="test_office_endpoint_ok[/bookings-params2]" time="0.080" /><testcase classname="tests.test_admin_enterprise_b345.TestRegressionPages" name="test_office_endpoint_ok[/bookings-params3]" time="0.075" /><testcase classname="tests.test_admin_enterprise_b345.TestRegressionPages" name="test_office_endpoint_ok[/wallet-params4]" time="0.078" /><testcase classname="tests.test_admin_enterprise_b345.TestRegressionPages" name="test_office_endpoint_ok[/wallet/transactions-params5]" time="0.080" /><testcase classname="tests.test_admin_enterprise_b345.TestRegressionPages" name="test_office_endpoint_ok[/wallet/withdrawals-params6]" time="0.078" /><testcase classname="tests.test_admin_enterprise_b345.TestRegressionPages" name="test_office_endpoint_ok[/notifications-params7]" time="0.080" /><testcase classname="tests.test_admin_enterprise_final.TestPreviousFailures" name="test_outbox_manual_retry_no_importerror" time="0.895" /><testcase classname="tests.test_admin_enterprise_final.TestPreviousFailures" name="test_retry_requires_reason" time="0.174" /><testcase classname="tests.test_admin_enterprise_final.TestPreviousFailures" name="test_suspended_account_login_is_403" time="0.891" /><testcase classname="tests.test_admin_enterprise_final.TestPreviousFailures" name="test_credit_search_bypasses_only_exposed" time="0.187" /><testcase classname="tests.test_admin_enterprise_final.TestPreviousFailures" name="test_settings_merged_has_no_metadata" time="0.082" /><testcase classname="tests.test_admin_enterprise_final.TestPreviousFailures" name="test_adjust_guard_order_existing_entry_first" time="1.028" /><testcase classname="tests.test_admin_enterprise_final.TestDiagnose" name="test_diagnose_classifies_all" time="0.175" /><testcase classname="tests.test_admin_enterprise_final.TestDiagnose" name="test_diagnose_requires_admin" time="0.593" /><testcase classname="tests.test_admin_enterprise_final.TestReconciliationGuards" name="test_preview_lists_everything_no_cap" time="1.118" /><testcase classname="tests.test_admin_enterprise_final.TestReconciliationGuards" name="test_adjust_blocked_403_and_dry_run_works" time="1.162" /><testcase classname="tests.test_admin_enterprise_final.TestReconciliationGuards" name="test_adjust_all_blocked" time="0.483" /><testcase classname="tests.test_admin_enterprise_final.TestReconciliationGuards" name="test_adjust_all_dry_run" time="1.428" /><testcase classname="tests.test_admin_enterprise_final.TestReconciliationGuards" name="test_no_opening_balance_txn_created_by_qa" time="0.087" /><testcase classname="tests.test_admin_enterprise_final.TestBackups" name="test_run_backup_encrypted" time="0.487" /><testcase classname="tests.test_admin_enterprise_final.TestBackups" name="test_retention_seven_files" time="0.000" /><testcase classname="tests.test_admin_enterprise_final.TestBackups" name="test_list_backups_flags" time="0.086" /><testcase classname="tests.test_admin_enterprise_final.TestBackups" name="test_restore_blocked" time="0.255" /><testcase classname="tests.test_admin_enterprise_final.TestBackups" name="test_admin_only[/admin/backups-get]" time="0.718" /><testcase classname="tests.test_admin_enterprise_final.TestBackups" name="test_admin_only[/admin/backups/run-post]" time="0.205" /><testcase classname="tests.test_admin_enterprise_final.TestBackups" name="test_admin_only[/admin/backups/restore-post]" time="0.201" /><testcase classname="tests.test_admin_enterprise_final.TestCron" name="test_secret_configured" time="0.000" /><testcase classname="tests.test_admin_enterprise_final.TestCron" name="test_requires_bearer[backup]" time="0.234" /><testcase classname="tests.test_admin_enterprise_final.TestCron" name="test_requires_bearer[alerts]" time="0.284" /><testcase classname="tests.test_admin_enterprise_final.TestCron" name="test_idempotent_per_run_id[backup]" time="0.403" /><testcase classname="tests.test_admin_enterprise_final.TestCron" name="test_idempotent_per_run_id[alerts]" time="0.261" /><testcase classname="tests.test_admin_enterprise_final.TestCron" name="test_crons_yml_declares_jobs" time="0.000" /><testcase classname="tests.test_admin_enterprise_final.TestStaffSeparation" name="test_create_staff_record_and_account" time="0.475" /><testcase classname="tests.test_admin_enterprise_final.TestStaffSeparation" name="test_staff_login_returns_office_identity" time="0.598" /><testcase classname="tests.test_admin_enterprise_final.TestStaffSeparation" name="test_staff_user_document_has_no_wallet" time="0.135" /><testcase classname="tests.test_admin_enterprise_final.TestStaffSeparation" name="test_duplicate_email_rejected" time="0.169" /><testcase classname="tests.test_admin_enterprise_final.TestStaffSeparation" name="test_second_account_for_same_staff_rejected" time="0.079" /><testcase classname="tests.test_admin_enterprise_final.TestStaffSeparation" name="test_staff_booking_debits_office_wallet_only" time="3.174" /><testcase classname="tests.test_admin_enterprise_final.TestStaffSeparation" name="test_disable_blocks_staff_login_only" time="1.019" /><testcase classname="tests.test_admin_enterprise_final.TestStaffSeparation" name="test_rahal_sso_user_unaffected" time="0.830" /><testcase classname="tests.test_admin_enterprise_final.TestArabicPdf" name="test_catalog_has_13_reports" time="0.081" /><testcase classname="tests.test_admin_enterprise_final.TestArabicPdf" name="test_every_report_exports_pdf" time="7.908" /><testcase classname="tests.test_admin_enterprise_final.TestArabicPdf" name="test_pdf_pagination_and_log" time="0.361" /><testcase classname="tests.test_admin_enterprise_final.TestArabicPdf" name="test_voucher_pdf" time="0.201" /><testcase classname="tests.test_admin_enterprise_final.TestArabicPdf" name="test_bad_report_key" time="0.084" /><testcase classname="tests.test_admin_enterprise_final.TestBookingMoneyRegression" name="test_end_to_end_booking" time="0.604" /><testcase classname="tests.test_admin_enterprise_final.TestBookingMoneyRegression" name="test_seller_approve_path_rahal_only" time="0.121" /><testcase classname="tests.test_review_round1.TestRahalIntegration" name="test_target_exposes_exact_contract" time="0.580" /><testcase classname="tests.test_review_round1.TestRahalIntegration" name="test_probe_reports_exact_http_reason" time="0.257" /><testcase classname="tests.test_review_round1.TestRahalIntegration" name="test_outbox_detail_gives_reason_signature_and_curl" time="0.264" /><testcase classname="tests.test_review_round1.TestRahalIntegration" name="test_detail_404_for_unknown_event" time="0.088" /><testcase classname="tests.test_review_round1.TestRahalIntegration" name="test_diagnose_classifies_404_as_rahal_side" time="0.140" /><testcase classname="tests.test_review_round1.TestRahalIntegration" name="test_target_update_requires_reason_and_valid_url" time="0.170" /><testcase classname="tests.test_review_round1.TestRahalIntegration" name="test_retry_delivers_and_flips_status_when_endpoint_is_live" time="2.774" /><testcase classname="tests.test_review_round1.TestRahalIntegration" name="test_retry_requires_reason" time="0.232" /><testcase classname="tests.test_review_round1.TestRahalIntegration" name="test_bad_signature_is_rejected_by_receiver" time="0.133" /><testcase classname="tests.test_review_round1.TestRahalIntegration" name="test_good_signature_is_accepted_by_receiver" time="0.176" /><testcase classname="tests.test_review_round1.TestRahalIntegration" name="test_health_shows_destination_breakdown" time="0.135" /><testcase classname="tests.test_review_round1.TestRahalIntegration" name="test_retry_all_answers_within_gateway_timeout" time="0.687" /><testcase classname="tests.test_review_round1.TestDataReport" name="test_report_classifies_qa_vs_real_without_deleting" time="0.148" /><testcase classname="tests.test_review_round1.TestDataReport" name="test_rbac_users_explain_empty_permissions" time="0.310" /><testcase classname="tests.test_review_round1.TestStaffAccounts" name="test_roles_catalog_has_12_roles_and_permissions" time="0.122" /><testcase classname="tests.test_review_round1.TestStaffAccounts" name="test_staff_record_is_separate_from_user" time="13.053" /><testcase classname="tests.test_review_round1.TestStaffAccounts" name="test_staff_has_no_own_wallet" time="0.001" /><testcase classname="tests.test_review_round1.TestStaffAccounts" name="test_staff_login_is_independent_and_shares_office_wallet" time="0.799" /><testcase classname="tests.test_review_round1.TestStaffAccounts" name="test_staff_permissions_are_limited_by_role" time="0.567" /><testcase classname="tests.test_review_round1.TestStaffAccounts" name="test_maker_cannot_approve_own_operation" time="0.164" /><testcase classname="tests.test_review_round1.TestStaffAccounts" name="test_suspended_staff_cannot_login_and_token_is_invalidated" time="36.956" /><testcase classname="tests.test_review_round1.TestStaffAccounts" name="test_force_logout_invalidates_old_token_only" time="2.481" /><testcase classname="tests.test_review_round1.TestStaffAccounts" name="test_logout_revokes_the_token" time="1.110" /><testcase classname="tests.test_review_round1.TestStaffAccounts" name="test_duplicate_staff_email_is_refused" time="0.170" /><testcase classname="tests.test_review_round1.TestStaffAccounts" name="test_rahal_sso_user_is_not_duplicated" time="0.347" /><testcase classname="tests.test_review_round1.TestNotifications" name="test_all_kinds_have_a_seeded_editable_template" time="0.200" /><testcase classname="tests.test_review_round1.TestNotifications" name="test_recipient_rules_and_variables_are_published" time="0.114" /><testcase classname="tests.test_review_round1.TestNotifications" name="test_seed_is_idempotent" time="0.085" /><testcase classname="tests.test_review_round1.TestNotifications" name="test_template_edit_is_used_and_variables_render" time="2.974" /><testcase classname="tests.test_review_round1.TestNotifications" name="test_cancellation_and_withdrawal_notifications_fire" time="2.754" /><testcase classname="tests.test_review_round1.TestNotifications" name="test_withdrawal_stage_notification_fires" time="0.082" /><testcase classname="tests.test_review_round1.TestNotifications" name="test_scheduled_scan_prevents_duplicates_same_day" time="1.029" /><testcase classname="tests.test_review_round1.TestNotifications" name="test_delivery_log_exposes_status_and_failures" time="0.127" /><testcase classname="tests.test_review_round1.TestNotifications" name="test_tasks_have_assignee_priority_due_and_escalation" time="0.845" /><testcase classname="tests.test_review_round1.TestTravelersDocuments" name="test_passport_linked_to_traveler_and_booking" time="1.268" /><testcase classname="tests.test_review_round1.TestTravelersDocuments" name="test_per_file_limit_10mb" time="1.105" /><testcase classname="tests.test_review_round1.TestTravelersDocuments" name="test_per_batch_limit_20mb" time="0.074" /><testcase classname="tests.test_review_round1.TestTravelersDocuments" name="test_unknown_traveler_index_rejected" time="0.075" /><testcase classname="tests.test_review_round1.TestTravelersDocuments" name="test_view_and_download_are_permission_scoped" time="0.777" /><testcase classname="tests.test_review_round1.TestTravelersDocuments" name="test_document_operations_are_audited" time="0.001" /><testcase classname="tests.test_review_round1.TestTravelersDocuments" name="test_missing_document_detection" time="1.228" /><testcase classname="tests.test_review_round1.TestTravelersDocuments" name="test_expiry_validation_and_duplicate_detection" time="0.218" /><testcase classname="tests.test_review_round1.TestTravelersDocuments" name="test_admin_delete_requires_reason_and_is_audited" time="0.145" /><testcase classname="tests.test_review_round1.TestReconciliation" name="test_preview_writes_nothing_and_shows_before_after" time="0.699" /><testcase classname="tests.test_review_round1.TestReconciliation" name="test_execution_is_blocked_until_client_approval" time="0.740" /><testcase classname="tests.test_review_round1.TestReconciliation" name="test_dry_run_adjust_all_changes_nothing" time="1.142" /><testcase classname="tests.test_review_round1.TestBackups" name="test_backup_runs_encrypted_and_is_logged" time="0.458" /><testcase classname="tests.test_review_round1.TestBackups" name="test_history_shows_operator_size_time_result" time="0.094" /><testcase classname="tests.test_review_round1.TestBackups" name="test_restore_drill_proves_the_archive_is_usable" time="1.205" /><testcase classname="tests.test_review_round1.TestBackups" name="test_restore_is_triple_guarded" time="0.093" /><testcase classname="tests.test_review_round1.TestPdfExports" name="test_report_pdf_is_a_real_pdf_with_arabic_font" time="0.780" /><testcase classname="tests.test_review_round1.TestPdfExports" name="test_voucher_pdf_renders" time="0.097" /><testcase classname="tests.test_review_round1.TestPdfExports" name="test_excel_csv_export_has_bom" time="0.072" /><testcase classname="tests.test_review_round1.TestPdfExports" name="test_saved_filters_and_catalog" time="0.198" /><testcase classname="tests.test_review_round1.TestPdfExports" name="test_reports_require_admin" time="0.140" /><testcase classname="tests.test_review_round1.TestScannerFlag" name="test_scanner_bridge_is_disabled" time="0.119"><failure message="assert True is False">self = &lt;test_review_round1.TestScannerFlag object at 0xfcb6476ec490&gt;
admin_s = &lt;requests.sessions.Session object at 0xfcb64ea2a390&gt;

    def test_scanner_bridge_is_disabled(self, admin_s):
        s = admin_s.get(f"{API}/admin/settings").json()["settings"]
&gt;       assert s["feature_flags"]["scanner_bridge"] is False
E       assert True is False

tests/test_review_round1.py:801: AssertionError</failure></testcase></testsuite></testsuites>